<?xml version="1.0" encoding="UTF-8"?>
<!-- Generated by org.testng.reporters.JUnitXMLReporter -->
<testsuite ignored="0" hostname="PDINOTE-03" failures="3" tests="22" name="Default test" time="216.442" errors="0" timestamp="2025-01-13T11:11:20 BRT">
  <testcase classname="base.LoginTest" name="testLogin" time="0.71"/>
  <testcase classname="ViewCare.ViewCareTest" name="testViewCare" time="5.693"/>
  <testcase classname="ViewCare.SalesPointTest" name="testOnlineEquipements" time="0.656"/>
  <testcase classname="ViewCare.SalesPointTest" name="testFoundClientSalesPoint" time="0.227"/>
  <testcase classname="ViewCare.SalesPointTest" name="testFilterSalesPointByClient" time="0.344"/>
  <testcase classname="ViewCare.SalesPointTest" name="testFilterSalesPointByID" time="0.312"/>
  <testcase classname="ViewCare.SalesPointTest" name="testFilterSalesPointByLastMessage" time="0.321"/>
  <testcase classname="ViewCare.SalesPointTest" name="testFilterSalesPointByOnlineEquipment" time="0.336"/>
  <testcase classname="ViewCare.SalesPointTest" name="testFilterSalesPointBySalesPoint" time="0.315"/>
  <testcase classname="ViewCare.SalesPointTest" name="testFilterSalesPointByServiceOrder" time="0.318"/>
  <testcase classname="ViewCare.SalesPointTest" name="testFilterSalesPointByTotalEquipment" time="0.313"/>
  <testcase classname="ViewCare.SalesPointTest" name="testAssertNumberOfCLients" time="0.037">
    <failure type="java.lang.AssertionError" message="Number of Shown Sales Points And Number of Sales Points Are Different expected [3] but found [4]">
      <![CDATA[java.lang.AssertionError: Number of Shown Sales Points And Number of Sales Points Are Different expected [3] but found [4]
at org.testng.Assert.fail(Assert.java:99)
at org.testng.Assert.failNotEquals(Assert.java:1037)
at org.testng.Assert.assertEqualsImpl(Assert.java:140)
at org.testng.Assert.assertEquals(Assert.java:122)
at org.testng.Assert.assertEquals(Assert.java:907)
at ViewCare.SalesPointTest.testAssertNumberOfCLients(SalesPointTest.java:175)
at java.base/jdk.internal.reflect.DirectMethodHandleAccessor.invoke(DirectMethodHandleAccessor.java:103)
at java.base/java.lang.reflect.Method.invoke(Method.java:580)
at org.testng.internal.MethodInvocationHelper.invokeMethod(MethodInvocationHelper.java:133)
at org.testng.internal.TestInvoker.invokeMethod(TestInvoker.java:598)
at org.testng.internal.TestInvoker.invokeTestMethod(TestInvoker.java:173)
at org.testng.internal.MethodRunner.runInSequence(MethodRunner.java:46)
at org.testng.internal.TestInvoker$MethodInvocationAgent.invoke(TestInvoker.java:824)
at org.testng.internal.TestInvoker.invokeTestMethods(TestInvoker.java:146)
at org.testng.internal.TestMethodWorker.invokeTestMethods(TestMethodWorker.java:146)
at org.testng.internal.TestMethodWorker.run(TestMethodWorker.java:128)
at java.base/java.util.ArrayList.forEach(ArrayList.java:1596)
at org.testng.TestRunner.privateRun(TestRunner.java:794)
at org.testng.TestRunner.run(TestRunner.java:596)
at org.testng.SuiteRunner.runTest(SuiteRunner.java:377)
at org.testng.SuiteRunner.runSequentially(SuiteRunner.java:371)
at org.testng.SuiteRunner.privateRun(SuiteRunner.java:332)
at org.testng.SuiteRunner.run(SuiteRunner.java:276)
at org.testng.SuiteRunnerWorker.runSuite(SuiteRunnerWorker.java:53)
at org.testng.SuiteRunnerWorker.run(SuiteRunnerWorker.java:96)
at org.testng.TestNG.runSuitesSequentially(TestNG.java:1212)
at org.testng.TestNG.runSuitesLocally(TestNG.java:1134)
at org.testng.TestNG.runSuites(TestNG.java:1063)
at org.testng.TestNG.run(TestNG.java:1031)
at org.testng.remote.AbstractRemoteTestNG.run(AbstractRemoteTestNG.java:115)
at org.testng.remote.RemoteTestNG.initAndRun(RemoteTestNG.java:293)
at org.testng.remote.RemoteTestNG.main(RemoteTestNG.java:91)
]]>
    </failure>
  </testcase> <!-- testAssertNumberOfCLients -->
  <testcase classname="ViewCare.SalesPointTest" name="testAssertNumberOfShowedResults" time="0.028"/>
  <testcase classname="ViewCare.EnterSalesPointTest" name="testFetchListAndClickTheTestSalesPoint" time="0.266"/>
  <testcase classname="ViewCare.EnterControllerTest" name="testLastInfoFirstMonitorableIsValidController" time="0.575"/>
  <testcase classname="ViewCare.EnterControllerTest" name="testAcessEquipmentController" time="2.375"/>
  <testcase classname="ViewCare.ValidateControllerTest" name="validateNumberOfUsers" time="47.447"/>
  <testcase classname="ViewCare.ValidateControllerTest" name="validateNumberOfBiometry" time="23.224"/>
  <testcase classname="ViewCare.ValidateControllerTest" name="validateNumberOfTime" time="2.948"/>
  <testcase classname="ViewCare.ValidateControllerTest" name="validateNumberOfAcess" time="99.247"/>
  <testcase classname="ViewCare.EnterSalesPointTest" name="testValidateNameSalesPoint" time="10.51">
    <failure type="org.openqa.selenium.TimeoutException" message="Expected condition failed: waiting for visibility of element located by By.id: nome_agencia (tried for 10 second(s) with 500 milliseconds interval)
Build info: version: &amp;apos;4.27.0&amp;apos;, revision: &amp;apos;d6e718d134&amp;apos;
System info: os.name: &amp;apos;Windows 10&amp;apos;, os.arch: &amp;apos;amd64&amp;apos;, os.version: &amp;apos;10.0&amp;apos;, java.version: &amp;apos;21.0.5&amp;apos;
Driver info: org.openqa.selenium.firefox.FirefoxDriver
Capabilities {acceptInsecureCerts: true, browserName: firefox, browserVersion: 134.0, moz:accessibilityChecks: false, moz:buildID: 20241230151726, moz:debuggerAddress: 127.0.0.1:37211, moz:geckodriverVersion: 0.35.0, moz:headless: false, moz:platformVersion: 10.0, moz:processID: 13972, moz:profile: C:\Users\ENRICK~1.HIP\AppDa..., moz:shutdownTimeout: 60000, moz:webdriverClick: true, moz:windowless: false, pageLoadStrategy: normal, platformName: windows, proxy: Proxy(), se:cdp: ws://127.0.0.1:37211/devtoo..., se:cdpVersion: 85.0, setWindowRect: true, strictFileInteractability: false, timeouts: {implicit: 0, pageLoad: 300000, script: 30000}, unhandledPromptBehavior: dismiss and notify, userAgent: Mozilla/5.0 (Windows NT 10...., webSocketUrl: ws://127.0.0.1:37211/sessio...}
Session ID: 79a8d50e-1028-4287-adcc-d7acc4a240f0">
      <![CDATA[org.openqa.selenium.TimeoutException: Expected condition failed: waiting for visibility of element located by By.id: nome_agencia (tried for 10 second(s) with 500 milliseconds interval)
Build info: version: '4.27.0', revision: 'd6e718d134'
System info: os.name: 'Windows 10', os.arch: 'amd64', os.version: '10.0', java.version: '21.0.5'
Driver info: org.openqa.selenium.firefox.FirefoxDriver
Capabilities {acceptInsecureCerts: true, browserName: firefox, browserVersion: 134.0, moz:accessibilityChecks: false, moz:buildID: 20241230151726, moz:debuggerAddress: 127.0.0.1:37211, moz:geckodriverVersion: 0.35.0, moz:headless: false, moz:platformVersion: 10.0, moz:processID: 13972, moz:profile: C:\Users\ENRICK~1.HIP\AppDa..., moz:shutdownTimeout: 60000, moz:webdriverClick: true, moz:windowless: false, pageLoadStrategy: normal, platformName: windows, proxy: Proxy(), se:cdp: ws://127.0.0.1:37211/devtoo..., se:cdpVersion: 85.0, setWindowRect: true, strictFileInteractability: false, timeouts: {implicit: 0, pageLoad: 300000, script: 30000}, unhandledPromptBehavior: dismiss and notify, userAgent: Mozilla/5.0 (Windows NT 10...., webSocketUrl: ws://127.0.0.1:37211/sessio...}
Session ID: 79a8d50e-1028-4287-adcc-d7acc4a240f0
at org.openqa.selenium.support.ui.WebDriverWait.timeoutException(WebDriverWait.java:84)
at org.openqa.selenium.support.ui.FluentWait.until(FluentWait.java:228)
at base.BaseTest.waitForElement(BaseTest.java:47)
at ViewCare.EnterSalesPointTest.testValidateNameSalesPoint(EnterSalesPointTest.java:50)
at java.base/jdk.internal.reflect.DirectMethodHandleAccessor.invoke(DirectMethodHandleAccessor.java:103)
at java.base/java.lang.reflect.Method.invoke(Method.java:580)
at org.testng.internal.MethodInvocationHelper.invokeMethod(MethodInvocationHelper.java:133)
at org.testng.internal.TestInvoker.invokeMethod(TestInvoker.java:598)
at org.testng.internal.TestInvoker.invokeTestMethod(TestInvoker.java:173)
at org.testng.internal.MethodRunner.runInSequence(MethodRunner.java:46)
at org.testng.internal.TestInvoker$MethodInvocationAgent.invoke(TestInvoker.java:824)
at org.testng.internal.TestInvoker.invokeTestMethods(TestInvoker.java:146)
at org.testng.internal.TestMethodWorker.invokeTestMethods(TestMethodWorker.java:146)
at org.testng.internal.TestMethodWorker.run(TestMethodWorker.java:128)
at java.base/java.util.ArrayList.forEach(ArrayList.java:1596)
at org.testng.TestRunner.privateRun(TestRunner.java:794)
at org.testng.TestRunner.run(TestRunner.java:596)
at org.testng.SuiteRunner.runTest(SuiteRunner.java:377)
at org.testng.SuiteRunner.runSequentially(SuiteRunner.java:371)
at org.testng.SuiteRunner.privateRun(SuiteRunner.java:332)
at org.testng.SuiteRunner.run(SuiteRunner.java:276)
at org.testng.SuiteRunnerWorker.runSuite(SuiteRunnerWorker.java:53)
at org.testng.SuiteRunnerWorker.run(SuiteRunnerWorker.java:96)
at org.testng.TestNG.runSuitesSequentially(TestNG.java:1212)
at org.testng.TestNG.runSuitesLocally(TestNG.java:1134)
at org.testng.TestNG.runSuites(TestNG.java:1063)
at org.testng.TestNG.run(TestNG.java:1031)
at org.testng.remote.AbstractRemoteTestNG.run(AbstractRemoteTestNG.java:115)
at org.testng.remote.RemoteTestNG.initAndRun(RemoteTestNG.java:293)
at org.testng.remote.RemoteTestNG.main(RemoteTestNG.java:91)
]]>
    </failure>
  </testcase> <!-- testValidateNameSalesPoint -->
  <testcase classname="ViewCare.EnterSalesPointTest" name="testValidatesNumberOfOS" time="10.442">
    <failure type="org.openqa.selenium.TimeoutException" message="Expected condition failed: waiting for visibility of element located by By.cssSelector: .simtroDivHeaderTitles div:nth-of-type(2) small:nth-of-type(2) (tried for 10 second(s) with 500 milliseconds interval)
Build info: version: &amp;apos;4.27.0&amp;apos;, revision: &amp;apos;d6e718d134&amp;apos;
System info: os.name: &amp;apos;Windows 10&amp;apos;, os.arch: &amp;apos;amd64&amp;apos;, os.version: &amp;apos;10.0&amp;apos;, java.version: &amp;apos;21.0.5&amp;apos;
Driver info: org.openqa.selenium.firefox.FirefoxDriver
Capabilities {acceptInsecureCerts: true, browserName: firefox, browserVersion: 134.0, moz:accessibilityChecks: false, moz:buildID: 20241230151726, moz:debuggerAddress: 127.0.0.1:37211, moz:geckodriverVersion: 0.35.0, moz:headless: false, moz:platformVersion: 10.0, moz:processID: 13972, moz:profile: C:\Users\ENRICK~1.HIP\AppDa..., moz:shutdownTimeout: 60000, moz:webdriverClick: true, moz:windowless: false, pageLoadStrategy: normal, platformName: windows, proxy: Proxy(), se:cdp: ws://127.0.0.1:37211/devtoo..., se:cdpVersion: 85.0, setWindowRect: true, strictFileInteractability: false, timeouts: {implicit: 0, pageLoad: 300000, script: 30000}, unhandledPromptBehavior: dismiss and notify, userAgent: Mozilla/5.0 (Windows NT 10...., webSocketUrl: ws://127.0.0.1:37211/sessio...}
Session ID: 79a8d50e-1028-4287-adcc-d7acc4a240f0">
      <![CDATA[org.openqa.selenium.TimeoutException: Expected condition failed: waiting for visibility of element located by By.cssSelector: .simtroDivHeaderTitles div:nth-of-type(2) small:nth-of-type(2) (tried for 10 second(s) with 500 milliseconds interval)
Build info: version: '4.27.0', revision: 'd6e718d134'
System info: os.name: 'Windows 10', os.arch: 'amd64', os.version: '10.0', java.version: '21.0.5'
Driver info: org.openqa.selenium.firefox.FirefoxDriver
Capabilities {acceptInsecureCerts: true, browserName: firefox, browserVersion: 134.0, moz:accessibilityChecks: false, moz:buildID: 20241230151726, moz:debuggerAddress: 127.0.0.1:37211, moz:geckodriverVersion: 0.35.0, moz:headless: false, moz:platformVersion: 10.0, moz:processID: 13972, moz:profile: C:\Users\ENRICK~1.HIP\AppDa..., moz:shutdownTimeout: 60000, moz:webdriverClick: true, moz:windowless: false, pageLoadStrategy: normal, platformName: windows, proxy: Proxy(), se:cdp: ws://127.0.0.1:37211/devtoo..., se:cdpVersion: 85.0, setWindowRect: true, strictFileInteractability: false, timeouts: {implicit: 0, pageLoad: 300000, script: 30000}, unhandledPromptBehavior: dismiss and notify, userAgent: Mozilla/5.0 (Windows NT 10...., webSocketUrl: ws://127.0.0.1:37211/sessio...}
Session ID: 79a8d50e-1028-4287-adcc-d7acc4a240f0
at org.openqa.selenium.support.ui.WebDriverWait.timeoutException(WebDriverWait.java:84)
at org.openqa.selenium.support.ui.FluentWait.until(FluentWait.java:228)
at base.BaseTest.waitForElement(BaseTest.java:47)
at ViewCare.EnterSalesPointTest.testValidatesNumberOfOS(EnterSalesPointTest.java:62)
at java.base/jdk.internal.reflect.DirectMethodHandleAccessor.invoke(DirectMethodHandleAccessor.java:103)
at java.base/java.lang.reflect.Method.invoke(Method.java:580)
at org.testng.internal.MethodInvocationHelper.invokeMethod(MethodInvocationHelper.java:133)
at org.testng.internal.TestInvoker.invokeMethod(TestInvoker.java:598)
at org.testng.internal.TestInvoker.invokeTestMethod(TestInvoker.java:173)
at org.testng.internal.MethodRunner.runInSequence(MethodRunner.java:46)
at org.testng.internal.TestInvoker$MethodInvocationAgent.invoke(TestInvoker.java:824)
at org.testng.internal.TestInvoker.invokeTestMethods(TestInvoker.java:146)
at org.testng.internal.TestMethodWorker.invokeTestMethods(TestMethodWorker.java:146)
at org.testng.internal.TestMethodWorker.run(TestMethodWorker.java:128)
at java.base/java.util.ArrayList.forEach(ArrayList.java:1596)
at org.testng.TestRunner.privateRun(TestRunner.java:794)
at org.testng.TestRunner.run(TestRunner.java:596)
at org.testng.SuiteRunner.runTest(SuiteRunner.java:377)
at org.testng.SuiteRunner.runSequentially(SuiteRunner.java:371)
at org.testng.SuiteRunner.privateRun(SuiteRunner.java:332)
at org.testng.SuiteRunner.run(SuiteRunner.java:276)
at org.testng.SuiteRunnerWorker.runSuite(SuiteRunnerWorker.java:53)
at org.testng.SuiteRunnerWorker.run(SuiteRunnerWorker.java:96)
at org.testng.TestNG.runSuitesSequentially(TestNG.java:1212)
at org.testng.TestNG.runSuitesLocally(TestNG.java:1134)
at org.testng.TestNG.runSuites(TestNG.java:1063)
at org.testng.TestNG.run(TestNG.java:1031)
at org.testng.remote.AbstractRemoteTestNG.run(AbstractRemoteTestNG.java:115)
at org.testng.remote.RemoteTestNG.initAndRun(RemoteTestNG.java:293)
at org.testng.remote.RemoteTestNG.main(RemoteTestNG.java:91)
]]>
    </failure>
  </testcase> <!-- testValidatesNumberOfOS -->
</testsuite> <!-- Default test -->
