<?xml version="1.0" encoding="UTF-8"?>
<!-- Generated by org.testng.reporters.JUnitXMLReporter -->
<testsuite ignored="0" hostname="PDINOTE-03" failures="3" tests="23" name="AllTests" time="21.117" errors="0" timestamp="2025-01-08T14:54:22 BRT">
  <testcase classname="base.LoginTest" name="testLogin" time="0.722"/>
  <testcase classname="ViewCare.ViewCareTest" name="testViewCare" time="5.424"/>
  <testcase classname="ViewCare.SalesPointTest" name="testOnlineEquipements" time="0.055">
    <failure type="java.lang.AssertionError" message="Element &amp;apos;totalMonitorados&amp;apos; is not visible expected [true] but found [false]">
      <![CDATA[java.lang.AssertionError: Element 'totalMonitorados' is not visible expected [true] but found [false]
at ViewCare.SalesPointTest.testOnlineEquipements(SalesPointTest.java:62)
at java.base/java.util.ArrayList.forEach(ArrayList.java:1596)
... Removed 28 stack frames]]>
    </failure>
  </testcase> <!-- testOnlineEquipements -->
  <testcase classname="ViewCare.SalesPointTest" name="testFoundClientSalesPoint" time="0.535"/>
  <testcase classname="ViewCare.SalesPointTest" name="testFilterSalesPointByClient" time="0.321"/>
  <testcase classname="ViewCare.SalesPointTest" name="testFilterSalesPointByID" time="0.33"/>
  <testcase classname="ViewCare.SalesPointTest" name="testFilterSalesPointByLastMessage" time="0.309"/>
  <testcase classname="ViewCare.SalesPointTest" name="testFilterSalesPointByOnlineEquipment" time="0.328"/>
  <testcase classname="ViewCare.SalesPointTest" name="testFilterSalesPointBySalesPoint" time="0.334"/>
  <testcase classname="ViewCare.SalesPointTest" name="testFilterSalesPointByServiceOrder" time="0.307"/>
  <testcase classname="ViewCare.SalesPointTest" name="testFilterSalesPointByTotalEquipment" time="0.321"/>
  <testcase classname="ViewCare.SalesPointTest" name="testAssertNumberOfCLients" time="0.034">
    <failure type="java.lang.AssertionError" message="Number of Shown Sales Points And Number of Sales Points Are Different expected [3] but found [4]">
      <![CDATA[java.lang.AssertionError: Number of Shown Sales Points And Number of Sales Points Are Different expected [3] but found [4]
at ViewCare.SalesPointTest.testAssertNumberOfCLients(SalesPointTest.java:166)
at java.base/java.util.ArrayList.forEach(ArrayList.java:1596)
... Removed 30 stack frames]]>
    </failure>
  </testcase> <!-- testAssertNumberOfCLients -->
  <testcase classname="ViewCare.SalesPointTest" name="testAssertNumberOfShowedResults" time="0.028"/>
  <testcase classname="ViewCare.EnterSalesPoint" name="testFetchListAndClickTheTestSalesPoint" time="0.273"/>
  <testcase classname="ViewCare.EnterSalesPoint" name="testValidateNameSalesPoint" time="0.059"/>
  <testcase classname="ViewCare.EnterSalesPoint" name="testValidatesNumberOfOS" time="0.018"/>
  <testcase classname="ViewCare.EnterController" name="testLastInfoFirstMonitorableIsValidController" time="0.552"/>
  <testcase classname="ViewCare.EnterController" name="testAcessEquipmentController" time="2.355"/>
  <testcase classname="ViewCare.EnterController" name="testGoBackFromController" time="0.01"/>
  <testcase classname="ViewCare.EnterPGDM" name="testLastInfoFirstMonitorableIsValidPGDM" time="0.029">
    <failure type="java.lang.AssertionError" message="The time difference is more than 6 minutes. expected [true] but found [false]">
      <![CDATA[java.lang.AssertionError: The time difference is more than 6 minutes. expected [true] but found [false]
at ViewCare.BaseEquipmentTest.validateLastInfo(BaseEquipmentTest.java:39)
at ViewCare.EnterPGDM.testLastInfoFirstMonitorableIsValidPGDM(EnterPGDM.java:23)
at java.base/java.util.ArrayList.forEach(ArrayList.java:1596)
... Removed 28 stack frames]]>
    </failure>
  </testcase> <!-- testLastInfoFirstMonitorableIsValidPGDM -->
  <testcase classname="ViewCare.EnterPGDM" name="testAcessEquipmentPGDM" time="0.0">
    <skipped/>
  </testcase> <!-- testAcessEquipmentPGDM -->
  <testcase classname="ViewCare.EnterPGDM" name="testGoBackFromEquipmentPGDM" time="0.0">
    <skipped/>
  </testcase> <!-- testGoBackFromEquipmentPGDM -->
  <testcase classname="ViewCare.EnterPGDM" name="testGoBackFromSalesPoint" time="0.0">
    <skipped/>
  </testcase> <!-- testGoBackFromSalesPoint -->
</testsuite> <!-- AllTests -->
