<?xml version="1.0" encoding="UTF-8"?>
<!-- Generated by org.testng.reporters.JUnitXMLReporter -->
<testsuite ignored="0" hostname="PDINOTE-03" failures="3" tests="22" name="AllTests" time="32.357" errors="0" timestamp="2025-01-21T11:32:52 BRT">
  <testcase classname="base.LoginTest" name="testLogin" time="0.874"/>
  <testcase classname="ViewCare.ViewCareTest" name="testViewCare" time="6.55"/>
  <testcase classname="ViewCare.SalesPointTest" name="testOnlineEquipements" time="0.65"/>
  <testcase classname="ViewCare.SalesPointTest" name="testFoundClientSalesPoint" time="0.265"/>
  <testcase classname="ViewCare.SalesPointTest" name="testFilterSalesPointByClient" time="0.354"/>
  <testcase classname="ViewCare.SalesPointTest" name="testFilterSalesPointByID" time="0.33"/>
  <testcase classname="ViewCare.SalesPointTest" name="testFilterSalesPointByLastMessage" time="0.326"/>
  <testcase classname="ViewCare.SalesPointTest" name="testFilterSalesPointByOnlineEquipment" time="0.328"/>
  <testcase classname="ViewCare.SalesPointTest" name="testFilterSalesPointBySalesPoint" time="0.321"/>
  <testcase classname="ViewCare.SalesPointTest" name="testFilterSalesPointByServiceOrder" time="0.309"/>
  <testcase classname="ViewCare.SalesPointTest" name="testFilterSalesPointByTotalEquipment" time="0.324"/>
  <testcase classname="ViewCare.SalesPointTest" name="testAssertNumberOfSalesPoints" time="0.041">
    <failure type="java.lang.AssertionError" message="Number of Shown Sales Points And Number of Sales Points Are Different expected [3] but found [4]">
      <![CDATA[java.lang.AssertionError: Number of Shown Sales Points And Number of Sales Points Are Different expected [3] but found [4]
at ViewCare.SalesPointTest.testAssertNumberOfSalesPoints(SalesPointTest.java:152)
at java.base/java.util.ArrayList.forEach(ArrayList.java:1596)
... Removed 30 stack frames]]>
    </failure>
  </testcase> <!-- testAssertNumberOfSalesPoints -->
  <testcase classname="ViewCare.SalesPointTest" name="testAssertNumberOfShowedResults" time="0.034"/>
  <testcase classname="ViewCare.EnterSalesPointTest" name="testFetchListAndClickTheTestSalesPoint" time="0.267"/>
  <testcase classname="ViewCare.EnterSalesPointTest" name="testValidateNameSalesPoint" time="0.052"/>
  <testcase classname="ViewCare.EnterSalesPointTest" name="testValidatesNumberOfOS" time="0.02">
    <failure type="java.lang.AssertionError" message="OS Number Does Not Match expected [2] but found [0]">
      <![CDATA[java.lang.AssertionError: OS Number Does Not Match expected [2] but found [0]
at ViewCare.EnterSalesPointTest.testValidatesNumberOfOS(EnterSalesPointTest.java:75)
at java.base/java.util.ArrayList.forEach(ArrayList.java:1596)
... Removed 30 stack frames]]>
    </failure>
  </testcase> <!-- testValidatesNumberOfOS -->
  <testcase classname="ViewCare.EnterControllerTest" name="testLastInfoFirstMonitorableIsValidController" time="0.554">
    <failure type="java.lang.AssertionError" message="The time difference is more than 6 minutes. expected [true] but found [false]">
      <![CDATA[java.lang.AssertionError: The time difference is more than 6 minutes. expected [true] but found [false]
at ViewCare.BaseEquipmentTest.validateLastInfo(BaseEquipmentTest.java:48)
at ViewCare.EnterControllerTest.testLastInfoFirstMonitorableIsValidController(EnterControllerTest.java:20)
at java.base/java.util.ArrayList.forEach(ArrayList.java:1596)
... Removed 28 stack frames]]>
    </failure>
  </testcase> <!-- testLastInfoFirstMonitorableIsValidController -->
  <testcase classname="ViewCare.EnterControllerTest" name="testAccessEquipmentController" time="0.0">
    <skipped/>
  </testcase> <!-- testAccessEquipmentController -->
  <testcase classname="ViewCare.ControllerUserActionsTest" name="testCreateNewUser" time="0.0">
    <skipped/>
  </testcase> <!-- testCreateNewUser -->
  <testcase classname="ViewCare.ControllerUserActionsTest" name="testUpdateUser" time="0.0">
    <skipped/>
  </testcase> <!-- testUpdateUser -->
  <testcase classname="ViewCare.ControllerUserActionsTest" name="testCreateUserPassword" time="0.0">
    <skipped/>
  </testcase> <!-- testCreateUserPassword -->
  <testcase classname="ViewCare.ControllerUserActionsTest" name="testDeleteUser" time="0.0">
    <skipped/>
  </testcase> <!-- testDeleteUser -->
</testsuite> <!-- AllTests -->
