<?xml version="1.0" encoding="UTF-8"?>
<!-- Generated by org.testng.reporters.JUnitXMLReporter -->
<testsuite ignored="0" hostname="PDINOTE-03" failures="3" tests="24" name="AllTests" time="251.649" errors="0" timestamp="2025-01-16T15:26:22 BRT">
  <testcase classname="base.LoginTest" name="testLogin" time="0.819"/>
  <testcase classname="ViewCare.ViewCareTest" name="testViewCare" time="5.582"/>
  <testcase classname="ViewCare.SalesPointTest" name="testOnlineEquipements" time="0.635"/>
  <testcase classname="ViewCare.SalesPointTest" name="testFoundClientSalesPoint" time="0.229"/>
  <testcase classname="ViewCare.SalesPointTest" name="testFilterSalesPointByClient" time="0.337"/>
  <testcase classname="ViewCare.SalesPointTest" name="testFilterSalesPointByID" time="0.33"/>
  <testcase classname="ViewCare.SalesPointTest" name="testFilterSalesPointByLastMessage" time="0.315"/>
  <testcase classname="ViewCare.SalesPointTest" name="testFilterSalesPointByOnlineEquipment" time="0.321"/>
  <testcase classname="ViewCare.SalesPointTest" name="testFilterSalesPointBySalesPoint" time="0.318"/>
  <testcase classname="ViewCare.SalesPointTest" name="testFilterSalesPointByServiceOrder" time="0.314"/>
  <testcase classname="ViewCare.SalesPointTest" name="testFilterSalesPointByTotalEquipment" time="0.311"/>
  <testcase classname="ViewCare.SalesPointTest" name="testAssertNumberOfCLients" time="0.034">
    <failure type="java.lang.AssertionError" message="Number of Shown Sales Points And Number of Sales Points Are Different expected [3] but found [4]">
      <![CDATA[java.lang.AssertionError: Number of Shown Sales Points And Number of Sales Points Are Different expected [3] but found [4]
at ViewCare.SalesPointTest.testAssertNumberOfCLients(SalesPointTest.java:155)
at java.base/java.util.ArrayList.forEach(ArrayList.java:1596)
... Removed 30 stack frames]]>
    </failure>
  </testcase> <!-- testAssertNumberOfCLients -->
  <testcase classname="ViewCare.SalesPointTest" name="testAssertNumberOfShowedResults" time="0.028"/>
  <testcase classname="ViewCare.EnterSalesPointTest" name="testFetchListAndClickTheTestSalesPoint" time="0.268"/>
  <testcase classname="ViewCare.EnterSalesPointTest" name="testValidateNameSalesPoint" time="0.062"/>
  <testcase classname="ViewCare.EnterSalesPointTest" name="testValidatesNumberOfOS" time="0.019">
    <failure type="java.lang.AssertionError" message="OS Number Does Not Match expected [2] but found [0]">
      <![CDATA[java.lang.AssertionError: OS Number Does Not Match expected [2] but found [0]
at ViewCare.EnterSalesPointTest.testValidatesNumberOfOS(EnterSalesPointTest.java:72)
at java.base/java.util.ArrayList.forEach(ArrayList.java:1596)
... Removed 30 stack frames]]>
    </failure>
  </testcase> <!-- testValidatesNumberOfOS -->
  <testcase classname="ViewCare.EnterControllerTest" name="testLastInfoFirstMonitorableIsValidController" time="0.556"/>
  <testcase classname="ViewCare.EnterControllerTest" name="testAcessEquipmentController" time="1.858"/>
  <testcase classname="ViewCare.ValidateControllerInformationTest" name="testValidateNumberOfUsers" time="48.186"/>
  <testcase classname="ViewCare.ValidateControllerInformationTest" name="testValidateNumberOfBiometry" time="25.327"/>
  <testcase classname="ViewCare.ValidateControllerInformationTest" name="testValidateNumberOfTime" time="4.614"/>
  <testcase classname="ViewCare.ValidateControllerInformationTest" name="testValidateNumberOfAcess" time="103.344"/>
  <testcase classname="ViewCare.ValidateControllerInformationTest" name="testExportAccess" time="30.745">
    <failure type="java.lang.AssertionError" message="Test ExportAccess: Failed, download did not start expected [true] but found [false]">
      <![CDATA[java.lang.AssertionError: Test ExportAccess: Failed, download did not start expected [true] but found [false]
at ViewCare.ValidateControllerInformationTest.testExportAccess(ValidateControllerInformationTest.java:104)
at java.base/java.util.ArrayList.forEach(ArrayList.java:1596)
... Removed 28 stack frames]]>
    </failure>
  </testcase> <!-- testExportAccess -->
  <testcase classname="ViewCare.ControllerTimeActionsTest" name="testCreateNewTime" time="18.39"/>
</testsuite> <!-- AllTests -->
