<?xml version="1.0" encoding="UTF-8"?>
<!-- Generated by org.testng.reporters.JUnitXMLReporter -->
<testsuite ignored="0" hostname="PDINOTE-03" failures="3" tests="24" name="AllTests" time="142.341" errors="0" timestamp="2025-01-14T13:30:09 BRT">
  <testcase classname="base.LoginTest" name="testLogin" time="0.805"/>
  <testcase classname="ViewCare.ViewCareTest" name="testViewCare" time="5.865"/>
  <testcase classname="ViewCare.SalesPointTest" name="testOnlineEquipements" time="0.651"/>
  <testcase classname="ViewCare.SalesPointTest" name="testFoundClientSalesPoint" time="0.238"/>
  <testcase classname="ViewCare.SalesPointTest" name="testFilterSalesPointByClient" time="0.319"/>
  <testcase classname="ViewCare.SalesPointTest" name="testFilterSalesPointByID" time="0.325"/>
  <testcase classname="ViewCare.SalesPointTest" name="testFilterSalesPointByLastMessage" time="0.331"/>
  <testcase classname="ViewCare.SalesPointTest" name="testFilterSalesPointByOnlineEquipment" time="0.316"/>
  <testcase classname="ViewCare.SalesPointTest" name="testFilterSalesPointBySalesPoint" time="0.335"/>
  <testcase classname="ViewCare.SalesPointTest" name="testFilterSalesPointByServiceOrder" time="0.314"/>
  <testcase classname="ViewCare.SalesPointTest" name="testFilterSalesPointByTotalEquipment" time="0.32"/>
  <testcase classname="ViewCare.SalesPointTest" name="testAssertNumberOfCLients" time="0.038">
    <failure type="java.lang.AssertionError" message="Number of Shown Sales Points And Number of Sales Points Are Different expected [3] but found [4]">
      <![CDATA[java.lang.AssertionError: Number of Shown Sales Points And Number of Sales Points Are Different expected [3] but found [4]
at ViewCare.SalesPointTest.testAssertNumberOfCLients(SalesPointTest.java:181)
at java.base/java.util.ArrayList.forEach(ArrayList.java:1596)
... Removed 30 stack frames]]>
    </failure>
  </testcase> <!-- testAssertNumberOfCLients -->
  <testcase classname="ViewCare.SalesPointTest" name="testAssertNumberOfShowedResults" time="0.03"/>
  <testcase classname="ViewCare.EnterSalesPointTest" name="testFetchListAndClickTheTestSalesPoint" time="0.269"/>
  <testcase classname="ViewCare.EnterSalesPointTest" name="testValidateNameSalesPoint" time="0.061"/>
  <testcase classname="ViewCare.EnterSalesPointTest" name="testValidatesNumberOfOS" time="0.021">
    <failure type="java.lang.AssertionError" message="OS Number Does Not Match expected [2] but found [0]">
      <![CDATA[java.lang.AssertionError: OS Number Does Not Match expected [2] but found [0]
at ViewCare.EnterSalesPointTest.testValidatesNumberOfOS(EnterSalesPointTest.java:72)
at java.base/java.util.ArrayList.forEach(ArrayList.java:1596)
... Removed 30 stack frames]]>
    </failure>
  </testcase> <!-- testValidatesNumberOfOS -->
  <testcase classname="ViewCare.EnterControllerTest" name="testLastInfoFirstMonitorableIsValidController" time="0.551"/>
  <testcase classname="ViewCare.EnterControllerTest" name="testAcessEquipmentController" time="1.866"/>
  <testcase classname="ViewCare.ValidateControllerTest" name="testValidateNumberOfUsers" time="120.64">
    <failure type="org.openqa.selenium.TimeoutException" message="Expected condition failed: waiting for element to no longer be visible: By.className: loading (tried for 120 second(s) with 500 milliseconds interval)
Build info: version: &amp;apos;4.27.0&amp;apos;, revision: &amp;apos;d6e718d134&amp;apos;
System info: os.name: &amp;apos;Windows 10&amp;apos;, os.arch: &amp;apos;amd64&amp;apos;, os.version: &amp;apos;10.0&amp;apos;, java.version: &amp;apos;21.0.5&amp;apos;
Driver info: org.openqa.selenium.firefox.FirefoxDriver
Capabilities {acceptInsecureCerts: true, browserName: firefox, browserVersion: 134.0, moz:accessibilityChecks: false, moz:buildID: 20241230151726, moz:debuggerAddress: 127.0.0.1:30715, moz:geckodriverVersion: 0.35.0, moz:headless: false, moz:platformVersion: 10.0, moz:processID: 2896, moz:profile: C:\Users\ENRICK~1.HIP\AppDa..., moz:shutdownTimeout: 60000, moz:webdriverClick: true, moz:windowless: false, pageLoadStrategy: normal, platformName: windows, proxy: Proxy(), se:cdp: ws://127.0.0.1:30715/devtoo..., se:cdpVersion: 85.0, setWindowRect: true, strictFileInteractability: false, timeouts: {implicit: 0, pageLoad: 300000, script: 30000}, unhandledPromptBehavior: dismiss and notify, userAgent: Mozilla/5.0 (Windows NT 10...., webSocketUrl: ws://127.0.0.1:30715/sessio...}
Session ID: 9e20d262-1530-4b61-b40f-38e242c8995b">
      <![CDATA[org.openqa.selenium.TimeoutException: Expected condition failed: waiting for element to no longer be visible: By.className: loading (tried for 120 second(s) with 500 milliseconds interval)
Build info: version: '4.27.0', revision: 'd6e718d134'
System info: os.name: 'Windows 10', os.arch: 'amd64', os.version: '10.0', java.version: '21.0.5'
Driver info: org.openqa.selenium.firefox.FirefoxDriver
Capabilities {acceptInsecureCerts: true, browserName: firefox, browserVersion: 134.0, moz:accessibilityChecks: false, moz:buildID: 20241230151726, moz:debuggerAddress: 127.0.0.1:30715, moz:geckodriverVersion: 0.35.0, moz:headless: false, moz:platformVersion: 10.0, moz:processID: 2896, moz:profile: C:\Users\ENRICK~1.HIP\AppDa..., moz:shutdownTimeout: 60000, moz:webdriverClick: true, moz:windowless: false, pageLoadStrategy: normal, platformName: windows, proxy: Proxy(), se:cdp: ws://127.0.0.1:30715/devtoo..., se:cdpVersion: 85.0, setWindowRect: true, strictFileInteractability: false, timeouts: {implicit: 0, pageLoad: 300000, script: 30000}, unhandledPromptBehavior: dismiss and notify, userAgent: Mozilla/5.0 (Windows NT 10...., webSocketUrl: ws://127.0.0.1:30715/sessio...}
Session ID: 9e20d262-1530-4b61-b40f-38e242c8995b
at org.openqa.selenium.support.ui.WebDriverWait.timeoutException(WebDriverWait.java:84)
at org.openqa.selenium.support.ui.FluentWait.until(FluentWait.java:228)
at ViewCare.ValidateControllerTest.waitForElementToDisappear(ValidateControllerTest.java:27)
at ViewCare.ValidateControllerTest.validateNumberOfElements(ValidateControllerTest.java:44)
at ViewCare.ValidateControllerTest.testValidateNumberOfUsers(ValidateControllerTest.java:77)
at java.base/java.util.ArrayList.forEach(ArrayList.java:1596)
... Removed 25 stack frames]]>
    </failure>
  </testcase> <!-- testValidateNumberOfUsers -->
  <testcase classname="ViewCare.ValidateControllerTest" name="testValidateNumberOfBiometry" time="0.0">
    <skipped/>
  </testcase> <!-- testValidateNumberOfBiometry -->
  <testcase classname="ViewCare.ValidateControllerTest" name="testValidateNumberOfTime" time="0.0">
    <skipped/>
  </testcase> <!-- testValidateNumberOfTime -->
  <testcase classname="ViewCare.ValidateControllerTest" name="testValidateNumberOfAcess" time="0.0">
    <skipped/>
  </testcase> <!-- testValidateNumberOfAcess -->
  <testcase classname="ViewCare.ValidateControllerTest" name="testExportAccess" time="0.0">
    <skipped/>
  </testcase> <!-- testExportAccess -->
  <testcase classname="ViewCare.ValidateControllerTest" name="testTryRemoteAccess" time="0.0">
    <skipped/>
  </testcase> <!-- testTryRemoteAccess -->
</testsuite> <!-- AllTests -->
