<?xml version="1.0" encoding="UTF-8"?>
<!-- Generated by org.testng.reporters.JUnitXMLReporter -->
<testsuite ignored="0" hostname="PDINOTE-03" failures="4" tests="23" name="AllTests" time="144.459" errors="0" timestamp="2025-01-21T13:45:14 BRT">
  <testcase classname="base.LoginTest" name="testLogin" time="0.754"/>
  <testcase classname="ViewCare.ViewCareTest" name="testViewCare" time="5.588"/>
  <testcase classname="ViewCare.SalesPointTest" name="testOnlineEquipements" time="0.649"/>
  <testcase classname="ViewCare.SalesPointTest" name="testAssertNumberOfEquipments" time="0.087">
    <failure type="java.lang.AssertionError" message="Number of Equipments Did&amp;apos;nt match, the number from the card and the info contained in the table differ expected [4] but found [13]">
      <![CDATA[java.lang.AssertionError: Number of Equipments Did'nt match, the number from the card and the info contained in the table differ expected [4] but found [13]
at ViewCare.SalesPointTest.testAssertNumberOfEquipments(SalesPointTest.java:107)
at java.base/java.util.ArrayList.forEach(ArrayList.java:1596)
... Removed 29 stack frames]]>
    </failure>
  </testcase> <!-- testAssertNumberOfEquipments -->
  <testcase classname="ViewCare.SalesPointTest" name="testFoundClientSalesPoint" time="0.26"/>
  <testcase classname="ViewCare.SalesPointTest" name="testFilterSalesPointByClient" time="0.38"/>
  <testcase classname="ViewCare.SalesPointTest" name="testFilterSalesPointByID" time="0.333"/>
  <testcase classname="ViewCare.SalesPointTest" name="testFilterSalesPointByLastMessage" time="0.336"/>
  <testcase classname="ViewCare.SalesPointTest" name="testFilterSalesPointByOnlineEquipment" time="0.335"/>
  <testcase classname="ViewCare.SalesPointTest" name="testFilterSalesPointBySalesPoint" time="0.327"/>
  <testcase classname="ViewCare.SalesPointTest" name="testFilterSalesPointByServiceOrder" time="0.338"/>
  <testcase classname="ViewCare.SalesPointTest" name="testFilterSalesPointByTotalEquipment" time="0.337"/>
  <testcase classname="ViewCare.SalesPointTest" name="testAssertNumberOfSalesPoints" time="0.071">
    <failure type="java.lang.AssertionError" message="Number of Shown Sales Points And Number of Sales Points Are Different expected [3] but found [4]">
      <![CDATA[java.lang.AssertionError: Number of Shown Sales Points And Number of Sales Points Are Different expected [3] but found [4]
at ViewCare.SalesPointTest.testAssertNumberOfSalesPoints(SalesPointTest.java:173)
at java.base/java.util.ArrayList.forEach(ArrayList.java:1596)
... Removed 30 stack frames]]>
    </failure>
  </testcase> <!-- testAssertNumberOfSalesPoints -->
  <testcase classname="ViewCare.SalesPointTest" name="testAssertNumberOfShowedResults" time="0.032"/>
  <testcase classname="ViewCare.EnterSalesPointTest" name="testFetchListAndClickTheTestSalesPoint" time="0.283"/>
  <testcase classname="ViewCare.EnterSalesPointTest" name="testValidateNameSalesPoint" time="0.07"/>
  <testcase classname="ViewCare.EnterSalesPointTest" name="testValidatesNumberOfOS" time="0.024">
    <failure type="java.lang.AssertionError" message="OS Number Does Not Match expected [2] but found [0]">
      <![CDATA[java.lang.AssertionError: OS Number Does Not Match expected [2] but found [0]
at ViewCare.EnterSalesPointTest.testValidatesNumberOfOS(EnterSalesPointTest.java:75)
at java.base/java.util.ArrayList.forEach(ArrayList.java:1596)
... Removed 30 stack frames]]>
    </failure>
  </testcase> <!-- testValidatesNumberOfOS -->
  <testcase classname="ViewCare.EnterControllerTest" name="testLastInfoFirstMonitorableIsValidController" time="0.558"/>
  <testcase classname="ViewCare.EnterControllerTest" name="testAccessEquipmentController" time="1.865"/>
  <testcase classname="ViewCare.ControllerUserActionsTest" name="testCreateNewUser" time="120.458">
    <failure type="org.openqa.selenium.TimeoutException" message="Expected condition failed: waiting for element to no longer be visible: By.cssSelector: .loading (tried for 120 second(s) with 500 milliseconds interval)
Build info: version: &amp;apos;4.27.0&amp;apos;, revision: &amp;apos;d6e718d134&amp;apos;
System info: os.name: &amp;apos;Windows 10&amp;apos;, os.arch: &amp;apos;amd64&amp;apos;, os.version: &amp;apos;10.0&amp;apos;, java.version: &amp;apos;21.0.5&amp;apos;
Driver info: org.openqa.selenium.firefox.FirefoxDriver
Capabilities {acceptInsecureCerts: true, browserName: firefox, browserVersion: 134.0.1, moz:accessibilityChecks: false, moz:buildID: 20250113121357, moz:debuggerAddress: 127.0.0.1:13796, moz:geckodriverVersion: 0.35.0, moz:headless: false, moz:platformVersion: 10.0, moz:processID: 24048, moz:profile: C:\Users\ENRICK~1.HIP\AppDa..., moz:shutdownTimeout: 60000, moz:webdriverClick: true, moz:windowless: false, pageLoadStrategy: normal, platformName: windows, proxy: Proxy(), se:cdp: ws://127.0.0.1:13796/devtoo..., se:cdpVersion: 85.0, setWindowRect: true, strictFileInteractability: false, timeouts: {implicit: 0, pageLoad: 300000, script: 30000}, unhandledPromptBehavior: dismiss and notify, userAgent: Mozilla/5.0 (Windows NT 10...., webSocketUrl: ws://127.0.0.1:13796/sessio...}
Session ID: f0470d00-5064-4cfa-94c7-02b70bbec25b">
      <![CDATA[org.openqa.selenium.TimeoutException: Expected condition failed: waiting for element to no longer be visible: By.cssSelector: .loading (tried for 120 second(s) with 500 milliseconds interval)
Build info: version: '4.27.0', revision: 'd6e718d134'
System info: os.name: 'Windows 10', os.arch: 'amd64', os.version: '10.0', java.version: '21.0.5'
Driver info: org.openqa.selenium.firefox.FirefoxDriver
Capabilities {acceptInsecureCerts: true, browserName: firefox, browserVersion: 134.0.1, moz:accessibilityChecks: false, moz:buildID: 20250113121357, moz:debuggerAddress: 127.0.0.1:13796, moz:geckodriverVersion: 0.35.0, moz:headless: false, moz:platformVersion: 10.0, moz:processID: 24048, moz:profile: C:\Users\ENRICK~1.HIP\AppDa..., moz:shutdownTimeout: 60000, moz:webdriverClick: true, moz:windowless: false, pageLoadStrategy: normal, platformName: windows, proxy: Proxy(), se:cdp: ws://127.0.0.1:13796/devtoo..., se:cdpVersion: 85.0, setWindowRect: true, strictFileInteractability: false, timeouts: {implicit: 0, pageLoad: 300000, script: 30000}, unhandledPromptBehavior: dismiss and notify, userAgent: Mozilla/5.0 (Windows NT 10...., webSocketUrl: ws://127.0.0.1:13796/sessio...}
Session ID: f0470d00-5064-4cfa-94c7-02b70bbec25b
at org.openqa.selenium.support.ui.WebDriverWait.timeoutException(WebDriverWait.java:84)
at org.openqa.selenium.support.ui.FluentWait.until(FluentWait.java:228)
at ViewCare.ControllerUserActionsTest.waitForElementToDisappear(ControllerUserActionsTest.java:73)
at ViewCare.ControllerUserActionsTest.navigateToControllerUser(ControllerUserActionsTest.java:286)
at ViewCare.ControllerUserActionsTest.testCreateNewUser(ControllerUserActionsTest.java:80)
at java.base/java.util.ArrayList.forEach(ArrayList.java:1596)
... Removed 25 stack frames]]>
    </failure>
  </testcase> <!-- testCreateNewUser -->
  <testcase classname="ViewCare.ControllerUserActionsTest" name="testUpdateUser" time="0.0">
    <skipped/>
  </testcase> <!-- testUpdateUser -->
  <testcase classname="ViewCare.ControllerUserActionsTest" name="testCreateUserPassword" time="0.0">
    <skipped/>
  </testcase> <!-- testCreateUserPassword -->
  <testcase classname="ViewCare.ControllerUserActionsTest" name="testDeleteUser" time="0.0">
    <skipped/>
  </testcase> <!-- testDeleteUser -->
</testsuite> <!-- AllTests -->
