<?xml version="1.0" encoding="UTF-8"?>
<!-- Generated by org.testng.reporters.JUnitXMLReporter -->
<testsuite ignored="0" hostname="PDINOTE-03" failures="5" tests="27" name="AllTests" time="84.803" errors="0" timestamp="2025-01-16T16:20:16 BRT">
  <testcase classname="base.LoginTest" name="testLogin" time="0.733"/>
  <testcase classname="ViewCare.ViewCareTest" name="testViewCare" time="5.519"/>
  <testcase classname="ViewCare.SalesPointTest" name="testOnlineEquipements" time="0.662"/>
  <testcase classname="ViewCare.SalesPointTest" name="testFoundClientSalesPoint" time="0.243"/>
  <testcase classname="ViewCare.SalesPointTest" name="testFilterSalesPointByClient" time="0.321"/>
  <testcase classname="ViewCare.SalesPointTest" name="testFilterSalesPointByID" time="0.317"/>
  <testcase classname="ViewCare.SalesPointTest" name="testFilterSalesPointByLastMessage" time="0.324"/>
  <testcase classname="ViewCare.SalesPointTest" name="testFilterSalesPointByOnlineEquipment" time="0.314"/>
  <testcase classname="ViewCare.SalesPointTest" name="testFilterSalesPointBySalesPoint" time="0.306"/>
  <testcase classname="ViewCare.SalesPointTest" name="testFilterSalesPointByServiceOrder" time="0.318"/>
  <testcase classname="ViewCare.SalesPointTest" name="testFilterSalesPointByTotalEquipment" time="0.325"/>
  <testcase classname="ViewCare.SalesPointTest" name="testAssertNumberOfCLients" time="0.04">
    <failure type="java.lang.AssertionError" message="Number of Shown Sales Points And Number of Sales Points Are Different expected [3] but found [4]">
      <![CDATA[java.lang.AssertionError: Number of Shown Sales Points And Number of Sales Points Are Different expected [3] but found [4]
at ViewCare.SalesPointTest.testAssertNumberOfCLients(SalesPointTest.java:152)
at java.base/java.util.ArrayList.forEach(ArrayList.java:1596)
... Removed 30 stack frames]]>
    </failure>
  </testcase> <!-- testAssertNumberOfCLients -->
  <testcase classname="ViewCare.SalesPointTest" name="testAssertNumberOfShowedResults" time="0.029"/>
  <testcase classname="ViewCare.EnterSalesPointTest" name="testFetchListAndClickTheTestSalesPoint" time="0.267"/>
  <testcase classname="ViewCare.EnterSalesPointTest" name="testValidateNameSalesPoint" time="0.06"/>
  <testcase classname="ViewCare.EnterSalesPointTest" name="testValidatesNumberOfOS" time="0.018">
    <failure type="java.lang.AssertionError" message="OS Number Does Not Match expected [2] but found [0]">
      <![CDATA[java.lang.AssertionError: OS Number Does Not Match expected [2] but found [0]
at ViewCare.EnterSalesPointTest.testValidatesNumberOfOS(EnterSalesPointTest.java:75)
at java.base/java.util.ArrayList.forEach(ArrayList.java:1596)
... Removed 30 stack frames]]>
    </failure>
  </testcase> <!-- testValidatesNumberOfOS -->
  <testcase classname="ViewCare.EnterControllerTest" name="testLastInfoFirstMonitorableIsValidController" time="0.562"/>
  <testcase classname="ViewCare.EnterControllerTest" name="testAccessEquipmentController" time="1.851"/>
  <testcase classname="ViewCare.ValidateControllerRemoteAccessTest" name="testTryRemoteAccess" time="64.144">
    <failure type="org.openqa.selenium.TimeoutException" message="Expected condition failed: waiting for element to no longer be visible: By.className: loading (tried for 60 second(s) with 500 milliseconds interval)
Build info: version: &amp;apos;4.27.0&amp;apos;, revision: &amp;apos;d6e718d134&amp;apos;
System info: os.name: &amp;apos;Windows 10&amp;apos;, os.arch: &amp;apos;amd64&amp;apos;, os.version: &amp;apos;10.0&amp;apos;, java.version: &amp;apos;21.0.5&amp;apos;
Driver info: org.openqa.selenium.firefox.FirefoxDriver
Capabilities {acceptInsecureCerts: true, browserName: firefox, browserVersion: 134.0.1, moz:accessibilityChecks: false, moz:buildID: 20250113121357, moz:debuggerAddress: 127.0.0.1:39076, moz:geckodriverVersion: 0.35.0, moz:headless: false, moz:platformVersion: 10.0, moz:processID: 1584, moz:profile: C:\Users\ENRICK~1.HIP\AppDa..., moz:shutdownTimeout: 60000, moz:webdriverClick: true, moz:windowless: false, pageLoadStrategy: normal, platformName: windows, proxy: Proxy(), se:cdp: ws://127.0.0.1:39076/devtoo..., se:cdpVersion: 85.0, setWindowRect: true, strictFileInteractability: false, timeouts: {implicit: 0, pageLoad: 300000, script: 30000}, unhandledPromptBehavior: dismiss and notify, userAgent: Mozilla/5.0 (Windows NT 10...., webSocketUrl: ws://127.0.0.1:39076/sessio...}
Session ID: 8932625c-5f5e-4d08-8799-cc3444e98435">
      <![CDATA[org.openqa.selenium.TimeoutException: Expected condition failed: waiting for element to no longer be visible: By.className: loading (tried for 60 second(s) with 500 milliseconds interval)
Build info: version: '4.27.0', revision: 'd6e718d134'
System info: os.name: 'Windows 10', os.arch: 'amd64', os.version: '10.0', java.version: '21.0.5'
Driver info: org.openqa.selenium.firefox.FirefoxDriver
Capabilities {acceptInsecureCerts: true, browserName: firefox, browserVersion: 134.0.1, moz:accessibilityChecks: false, moz:buildID: 20250113121357, moz:debuggerAddress: 127.0.0.1:39076, moz:geckodriverVersion: 0.35.0, moz:headless: false, moz:platformVersion: 10.0, moz:processID: 1584, moz:profile: C:\Users\ENRICK~1.HIP\AppDa..., moz:shutdownTimeout: 60000, moz:webdriverClick: true, moz:windowless: false, pageLoadStrategy: normal, platformName: windows, proxy: Proxy(), se:cdp: ws://127.0.0.1:39076/devtoo..., se:cdpVersion: 85.0, setWindowRect: true, strictFileInteractability: false, timeouts: {implicit: 0, pageLoad: 300000, script: 30000}, unhandledPromptBehavior: dismiss and notify, userAgent: Mozilla/5.0 (Windows NT 10...., webSocketUrl: ws://127.0.0.1:39076/sessio...}
Session ID: 8932625c-5f5e-4d08-8799-cc3444e98435
at org.openqa.selenium.support.ui.WebDriverWait.timeoutException(WebDriverWait.java:84)
at org.openqa.selenium.support.ui.FluentWait.until(FluentWait.java:228)
at ViewCare.ValidateControllerRemoteAccessTest.waitForElementToDisappear(ValidateControllerRemoteAccessTest.java:39)
at ViewCare.ValidateControllerRemoteAccessTest.testTryRemoteAccess(ValidateControllerRemoteAccessTest.java:62)
at java.base/java.util.ArrayList.forEach(ArrayList.java:1596)
... Removed 25 stack frames]]>
    </failure>
  </testcase> <!-- testTryRemoteAccess -->
  <testcase classname="ViewCare.ValidateControllerRemoteAccessTest" name="testTogglePassword" time="0.0">
    <skipped/>
  </testcase> <!-- testTogglePassword -->
  <testcase classname="ViewCare.ValidateControllerRemoteAccessTest" name="testGenerateRandomPassword" time="0.0">
    <skipped/>
  </testcase> <!-- testGenerateRandomPassword -->
  <testcase classname="ViewCare.ValidateControllerInformationTest" name="testValidateNumberOfUsers" time="0.0">
    <skipped/>
  </testcase> <!-- testValidateNumberOfUsers -->
  <testcase classname="ViewCare.ValidateControllerInformationTest" name="testValidateNumberOfBiometry" time="0.0">
    <skipped/>
  </testcase> <!-- testValidateNumberOfBiometry -->
  <testcase classname="ViewCare.ValidateControllerInformationTest" name="testValidateNumberOfTime" time="0.047">
    <failure type="org.openqa.selenium.ElementClickInterceptedException" message="Element &amp;lt;a class=&amp;quot;simtTitle&amp;quot;&amp;gt; is not clickable at point (194,582) because another element &amp;lt;div class=&amp;quot;loading&amp;quot;&amp;gt; obscures it
Build info: version: &amp;apos;4.27.0&amp;apos;, revision: &amp;apos;d6e718d134&amp;apos;
System info: os.name: &amp;apos;Windows 10&amp;apos;, os.arch: &amp;apos;amd64&amp;apos;, os.version: &amp;apos;10.0&amp;apos;, java.version: &amp;apos;21.0.5&amp;apos;
Driver info: org.openqa.selenium.firefox.FirefoxDriver
Command: [8932625c-5f5e-4d08-8799-cc3444e98435, clickElement {id=fdd95c6d-a40e-4acf-ac0f-a5af391affc0}]
Capabilities {acceptInsecureCerts: true, browserName: firefox, browserVersion: 134.0.1, moz:accessibilityChecks: false, moz:buildID: 20250113121357, moz:debuggerAddress: 127.0.0.1:39076, moz:geckodriverVersion: 0.35.0, moz:headless: false, moz:platformVersion: 10.0, moz:processID: 1584, moz:profile: C:\Users\ENRICK~1.HIP\AppDa..., moz:shutdownTimeout: 60000, moz:webdriverClick: true, moz:windowless: false, pageLoadStrategy: normal, platformName: windows, proxy: Proxy(), se:cdp: ws://127.0.0.1:39076/devtoo..., se:cdpVersion: 85.0, setWindowRect: true, strictFileInteractability: false, timeouts: {implicit: 0, pageLoad: 300000, script: 30000}, unhandledPromptBehavior: dismiss and notify, userAgent: Mozilla/5.0 (Windows NT 10...., webSocketUrl: ws://127.0.0.1:39076/sessio...}
Element: [[FirefoxDriver: firefox on windows (8932625c-5f5e-4d08-8799-cc3444e98435)] -&amp;gt; css selector: #detalhamento_controlador .cardSimtroProject:nth-of-type(3) .simtTitle]
Session ID: 8932625c-5f5e-4d08-8799-cc3444e98435">
      <![CDATA[org.openqa.selenium.ElementClickInterceptedException: Element <a class="simtTitle"> is not clickable at point (194,582) because another element <div class="loading"> obscures it
Build info: version: '4.27.0', revision: 'd6e718d134'
System info: os.name: 'Windows 10', os.arch: 'amd64', os.version: '10.0', java.version: '21.0.5'
Driver info: org.openqa.selenium.firefox.FirefoxDriver
Command: [8932625c-5f5e-4d08-8799-cc3444e98435, clickElement {id=fdd95c6d-a40e-4acf-ac0f-a5af391affc0}]
Capabilities {acceptInsecureCerts: true, browserName: firefox, browserVersion: 134.0.1, moz:accessibilityChecks: false, moz:buildID: 20250113121357, moz:debuggerAddress: 127.0.0.1:39076, moz:geckodriverVersion: 0.35.0, moz:headless: false, moz:platformVersion: 10.0, moz:processID: 1584, moz:profile: C:\Users\ENRICK~1.HIP\AppDa..., moz:shutdownTimeout: 60000, moz:webdriverClick: true, moz:windowless: false, pageLoadStrategy: normal, platformName: windows, proxy: Proxy(), se:cdp: ws://127.0.0.1:39076/devtoo..., se:cdpVersion: 85.0, setWindowRect: true, strictFileInteractability: false, timeouts: {implicit: 0, pageLoad: 300000, script: 30000}, unhandledPromptBehavior: dismiss and notify, userAgent: Mozilla/5.0 (Windows NT 10...., webSocketUrl: ws://127.0.0.1:39076/sessio...}
Element: [[FirefoxDriver: firefox on windows (8932625c-5f5e-4d08-8799-cc3444e98435)] -> css selector: #detalhamento_controlador .cardSimtroProject:nth-of-type(3) .simtTitle]
Session ID: 8932625c-5f5e-4d08-8799-cc3444e98435
at org.openqa.selenium.remote.ErrorCodec.decode(ErrorCodec.java:167)
at org.openqa.selenium.remote.codec.w3c.W3CHttpResponseCodec.decode(W3CHttpResponseCodec.java:138)
at org.openqa.selenium.remote.codec.w3c.W3CHttpResponseCodec.decode(W3CHttpResponseCodec.java:50)
at org.openqa.selenium.remote.HttpCommandExecutor.execute(HttpCommandExecutor.java:190)
at org.openqa.selenium.remote.service.DriverCommandExecutor.invokeExecute(DriverCommandExecutor.java:216)
at org.openqa.selenium.remote.service.DriverCommandExecutor.execute(DriverCommandExecutor.java:174)
at org.openqa.selenium.remote.RemoteWebDriver.execute(RemoteWebDriver.java:545)
at org.openqa.selenium.remote.RemoteWebElement.execute(RemoteWebElement.java:223)
at org.openqa.selenium.remote.RemoteWebElement.click(RemoteWebElement.java:76)
at ViewCare.ValidateControllerInformationTest.validateNumberOfElements(ValidateControllerInformationTest.java:175)
at ViewCare.ValidateControllerInformationTest.testValidateNumberOfTime(ValidateControllerInformationTest.java:84)
at java.base/java.util.ArrayList.forEach(ArrayList.java:1596)
... Removed 28 stack frames]]>
    </failure>
  </testcase> <!-- testValidateNumberOfTime -->
  <testcase classname="ViewCare.ValidateControllerInformationTest" name="testValidateNumberOfAccess" time="0.036">
    <failure type="org.openqa.selenium.ElementClickInterceptedException" message="Element &amp;lt;a class=&amp;quot;simtTitle&amp;quot;&amp;gt; is not clickable at point (600,582) because another element &amp;lt;div class=&amp;quot;loading&amp;quot;&amp;gt; obscures it
Build info: version: &amp;apos;4.27.0&amp;apos;, revision: &amp;apos;d6e718d134&amp;apos;
System info: os.name: &amp;apos;Windows 10&amp;apos;, os.arch: &amp;apos;amd64&amp;apos;, os.version: &amp;apos;10.0&amp;apos;, java.version: &amp;apos;21.0.5&amp;apos;
Driver info: org.openqa.selenium.firefox.FirefoxDriver
Command: [8932625c-5f5e-4d08-8799-cc3444e98435, clickElement {id=22132121-76d5-4f9f-a4aa-a813d7c323bf}]
Capabilities {acceptInsecureCerts: true, browserName: firefox, browserVersion: 134.0.1, moz:accessibilityChecks: false, moz:buildID: 20250113121357, moz:debuggerAddress: 127.0.0.1:39076, moz:geckodriverVersion: 0.35.0, moz:headless: false, moz:platformVersion: 10.0, moz:processID: 1584, moz:profile: C:\Users\ENRICK~1.HIP\AppDa..., moz:shutdownTimeout: 60000, moz:webdriverClick: true, moz:windowless: false, pageLoadStrategy: normal, platformName: windows, proxy: Proxy(), se:cdp: ws://127.0.0.1:39076/devtoo..., se:cdpVersion: 85.0, setWindowRect: true, strictFileInteractability: false, timeouts: {implicit: 0, pageLoad: 300000, script: 30000}, unhandledPromptBehavior: dismiss and notify, userAgent: Mozilla/5.0 (Windows NT 10...., webSocketUrl: ws://127.0.0.1:39076/sessio...}
Element: [[FirefoxDriver: firefox on windows (8932625c-5f5e-4d08-8799-cc3444e98435)] -&amp;gt; css selector: #detalhamento_controlador .cardSimtroProject:nth-of-type(4) .simtTitle]
Session ID: 8932625c-5f5e-4d08-8799-cc3444e98435">
      <![CDATA[org.openqa.selenium.ElementClickInterceptedException: Element <a class="simtTitle"> is not clickable at point (600,582) because another element <div class="loading"> obscures it
Build info: version: '4.27.0', revision: 'd6e718d134'
System info: os.name: 'Windows 10', os.arch: 'amd64', os.version: '10.0', java.version: '21.0.5'
Driver info: org.openqa.selenium.firefox.FirefoxDriver
Command: [8932625c-5f5e-4d08-8799-cc3444e98435, clickElement {id=22132121-76d5-4f9f-a4aa-a813d7c323bf}]
Capabilities {acceptInsecureCerts: true, browserName: firefox, browserVersion: 134.0.1, moz:accessibilityChecks: false, moz:buildID: 20250113121357, moz:debuggerAddress: 127.0.0.1:39076, moz:geckodriverVersion: 0.35.0, moz:headless: false, moz:platformVersion: 10.0, moz:processID: 1584, moz:profile: C:\Users\ENRICK~1.HIP\AppDa..., moz:shutdownTimeout: 60000, moz:webdriverClick: true, moz:windowless: false, pageLoadStrategy: normal, platformName: windows, proxy: Proxy(), se:cdp: ws://127.0.0.1:39076/devtoo..., se:cdpVersion: 85.0, setWindowRect: true, strictFileInteractability: false, timeouts: {implicit: 0, pageLoad: 300000, script: 30000}, unhandledPromptBehavior: dismiss and notify, userAgent: Mozilla/5.0 (Windows NT 10...., webSocketUrl: ws://127.0.0.1:39076/sessio...}
Element: [[FirefoxDriver: firefox on windows (8932625c-5f5e-4d08-8799-cc3444e98435)] -> css selector: #detalhamento_controlador .cardSimtroProject:nth-of-type(4) .simtTitle]
Session ID: 8932625c-5f5e-4d08-8799-cc3444e98435
at org.openqa.selenium.remote.ErrorCodec.decode(ErrorCodec.java:167)
at org.openqa.selenium.remote.codec.w3c.W3CHttpResponseCodec.decode(W3CHttpResponseCodec.java:138)
at org.openqa.selenium.remote.codec.w3c.W3CHttpResponseCodec.decode(W3CHttpResponseCodec.java:50)
at org.openqa.selenium.remote.HttpCommandExecutor.execute(HttpCommandExecutor.java:190)
at org.openqa.selenium.remote.service.DriverCommandExecutor.invokeExecute(DriverCommandExecutor.java:216)
at org.openqa.selenium.remote.service.DriverCommandExecutor.execute(DriverCommandExecutor.java:174)
at org.openqa.selenium.remote.RemoteWebDriver.execute(RemoteWebDriver.java:545)
at org.openqa.selenium.remote.RemoteWebElement.execute(RemoteWebElement.java:223)
at org.openqa.selenium.remote.RemoteWebElement.click(RemoteWebElement.java:76)
at ViewCare.ValidateControllerInformationTest.validateNumberOfElements(ValidateControllerInformationTest.java:175)
at ViewCare.ValidateControllerInformationTest.testValidateNumberOfAccess(ValidateControllerInformationTest.java:96)
at java.base/java.util.ArrayList.forEach(ArrayList.java:1596)
... Removed 28 stack frames]]>
    </failure>
  </testcase> <!-- testValidateNumberOfAccess -->
  <testcase classname="ViewCare.ValidateControllerInformationTest" name="testExportAccess" time="0.0">
    <skipped/>
  </testcase> <!-- testExportAccess -->
  <testcase classname="ViewCare.ControllerTimeActionsTest" name="testCreateNewTime" time="0.0">
    <skipped/>
  </testcase> <!-- testCreateNewTime -->
</testsuite> <!-- AllTests -->
