<?xml version="1.0" encoding="UTF-8"?>
<!-- Generated by org.testng.reporters.JUnitXMLReporter -->
<testsuite ignored="0" hostname="PDINOTE-03" failures="3" tests="23" name="AllTests" time="22.922" errors="0" timestamp="2025-01-08T15:01:59 BRT">
  <testcase classname="base.LoginTest" name="testLogin" time="0.69"/>
  <testcase classname="ViewCare.ViewCareTest" name="testViewCare" time="5.505"/>
  <testcase classname="ViewCare.SalesPointTest" name="testOnlineEquipements" time="0.078">
    <failure type="java.lang.AssertionError" message="Element &amp;apos;totalMonitorados&amp;apos; is not visible expected [true] but found [false]">
      <![CDATA[java.lang.AssertionError: Element 'totalMonitorados' is not visible expected [true] but found [false]
at ViewCare.SalesPointTest.testOnlineEquipements(SalesPointTest.java:62)
at java.base/java.util.ArrayList.forEach(ArrayList.java:1596)
... Removed 28 stack frames]]>
    </failure>
  </testcase> <!-- testOnlineEquipements -->
  <testcase classname="ViewCare.SalesPointTest" name="testFoundClientSalesPoint" time="0.498"/>
  <testcase classname="ViewCare.SalesPointTest" name="testFilterSalesPointByClient" time="0.324"/>
  <testcase classname="ViewCare.SalesPointTest" name="testFilterSalesPointByID" time="0.312"/>
  <testcase classname="ViewCare.SalesPointTest" name="testFilterSalesPointByLastMessage" time="0.318"/>
  <testcase classname="ViewCare.SalesPointTest" name="testFilterSalesPointByOnlineEquipment" time="0.314"/>
  <testcase classname="ViewCare.SalesPointTest" name="testFilterSalesPointBySalesPoint" time="0.319"/>
  <testcase classname="ViewCare.SalesPointTest" name="testFilterSalesPointByServiceOrder" time="0.304"/>
  <testcase classname="ViewCare.SalesPointTest" name="testFilterSalesPointByTotalEquipment" time="0.305"/>
  <testcase classname="ViewCare.SalesPointTest" name="testAssertNumberOfCLients" time="0.036">
    <failure type="java.lang.AssertionError" message="Number of Shown Sales Points And Number of Sales Points Are Different expected [3] but found [4]">
      <![CDATA[java.lang.AssertionError: Number of Shown Sales Points And Number of Sales Points Are Different expected [3] but found [4]
at ViewCare.SalesPointTest.testAssertNumberOfCLients(SalesPointTest.java:166)
at java.base/java.util.ArrayList.forEach(ArrayList.java:1596)
... Removed 30 stack frames]]>
    </failure>
  </testcase> <!-- testAssertNumberOfCLients -->
  <testcase classname="ViewCare.SalesPointTest" name="testAssertNumberOfShowedResults" time="0.036"/>
  <testcase classname="ViewCare.EnterSalesPointTest" name="testFetchListAndClickTheTestSalesPoint" time="0.274"/>
  <testcase classname="ViewCare.EnterSalesPointTest" name="testValidateNameSalesPoint" time="0.062"/>
  <testcase classname="ViewCare.EnterSalesPointTest" name="testValidatesNumberOfOS" time="0.02"/>
  <testcase classname="ViewCare.EnterControllerTest" name="testLastInfoFirstMonitorableIsValidController" time="0.554"/>
  <testcase classname="ViewCare.EnterControllerTest" name="testAcessEquipmentController" time="2.368"/>
  <testcase classname="ViewCare.EnterControllerTest" name="testGoBackFromController" time="0.01"/>
  <testcase classname="ViewCare.EnterPGDMTest" name="testLastInfoFirstMonitorableIsValidPGDM" time="0.03">
    <failure type="java.lang.AssertionError" message="The time difference is more than 6 minutes. expected [true] but found [false]">
      <![CDATA[java.lang.AssertionError: The time difference is more than 6 minutes. expected [true] but found [false]
at ViewCare.BaseEquipmentTest.validateLastInfo(BaseEquipmentTest.java:39)
at ViewCare.EnterPGDMTest.testLastInfoFirstMonitorableIsValidPGDM(EnterPGDMTest.java:23)
at java.base/java.util.ArrayList.forEach(ArrayList.java:1596)
... Removed 28 stack frames]]>
    </failure>
  </testcase> <!-- testLastInfoFirstMonitorableIsValidPGDM -->
  <testcase classname="ViewCare.EnterPGDMTest" name="testAcessEquipmentPGDM" time="0.0">
    <skipped/>
  </testcase> <!-- testAcessEquipmentPGDM -->
  <testcase classname="ViewCare.EnterPGDMTest" name="testGoBackFromEquipmentPGDM" time="0.0">
    <skipped/>
  </testcase> <!-- testGoBackFromEquipmentPGDM -->
  <testcase classname="ViewCare.EnterPGDMTest" name="testGoBackFromSalesPoint" time="0.0">
    <skipped/>
  </testcase> <!-- testGoBackFromSalesPoint -->
</testsuite> <!-- AllTests -->
