<?xml version="1.0" encoding="UTF-8"?>
<!-- Generated by org.testng.reporters.JUnitXMLReporter -->
<testsuite ignored="0" hostname="PDINOTE-03" failures="1" tests="1" name="LoginTest" time="16.583" errors="0" timestamp="2025-01-08T12:57:21 BRT">
  <testcase classname="base.LoginTest" name="testLogin" time="0.752">
    <failure type="java.lang.AssertionError" message="Login failed: URL does not contain &amp;apos;dashboard&amp;apos;. expected [true] but found [false]">
      <![CDATA[java.lang.AssertionError: Login failed: URL does not contain 'dashboard'. expected [true] but found [false]
at base.LoginTest.testLogin(LoginTest.java:17)
at java.base/java.util.ArrayList.forEach(ArrayList.java:1596)
... Removed 28 stack frames]]>
    </failure>
  </testcase> <!-- testLogin -->
</testsuite> <!-- LoginTest -->
