<?xml version="1.0" encoding="UTF-8"?>
<!-- Generated by org.testng.reporters.JUnitXMLReporter -->
<testsuite ignored="0" hostname="PDINOTE-03" failures="1" tests="3" name="TestSuite" time="10.583" errors="0" timestamp="2025-01-08T13:12:55 BRT">
  <testcase classname="base.AllTests" name="testLogin" time="0.382">
    <failure type="java.lang.AssertionError" message="Login failed: URL does not contain &amp;apos;dashboard&amp;apos;. expected [true] but found [false]">
      <![CDATA[java.lang.AssertionError: Login failed: URL does not contain 'dashboard'. expected [true] but found [false]
at base.AllTests.testLogin(AllTests.java:18)
at java.base/java.util.ArrayList.forEach(ArrayList.java:1596)
... Removed 28 stack frames]]>
    </failure>
  </testcase> <!-- testLogin -->
  <testcase classname="base.AllTests" name="testViewCare" time="0.0">
    <skipped/>
  </testcase> <!-- testViewCare -->
  <testcase classname="base.AllTests" name="testSalesPoint" time="0.0">
    <skipped/>
  </testcase> <!-- testSalesPoint -->
</testsuite> <!-- TestSuite -->
