<?xml version="1.0" encoding="UTF-8"?>
<testng-results ignored="0" total="26" passed="23" failed="3" skipped="0">
  <reporter-output>
  </reporter-output>
  <suite started-at="2025-01-15T11:33:03 BRT" name="Suite" finished-at="2025-01-15T11:37:34 BRT" duration-ms="271007">
    <groups>
    </groups>
    <test started-at="2025-01-15T11:33:03 BRT" name="AllTests" finished-at="2025-01-15T11:37:34 BRT" duration-ms="271007">
      <class name="base.LoginTest">
        <test-method is-config="true" signature="setUp()[pri:0, instance:base.LoginTest@515aebb0]" started-at="2025-01-15T11:33:03 BRT" name="setUp" finished-at="2025-01-15T11:33:12 BRT" duration-ms="9076" status="PASS">
          <reporter-output>
          </reporter-output>
        </test-method> <!-- setUp -->
        <test-method signature="testLogin()[pri:1, instance:base.LoginTest@515aebb0]" started-at="2025-01-15T11:33:12 BRT" name="testLogin" finished-at="2025-01-15T11:33:13 BRT" duration-ms="1346" status="PASS">
          <reporter-output>
          </reporter-output>
        </test-method> <!-- testLogin -->
        <test-method is-config="true" signature="tearDown()[pri:0, instance:base.LoginTest@515aebb0]" started-at="2025-01-15T11:33:13 BRT" name="tearDown" finished-at="2025-01-15T11:33:13 BRT" duration-ms="0" status="PASS">
          <reporter-output>
          </reporter-output>
        </test-method> <!-- tearDown -->
      </class> <!-- base.LoginTest -->
      <class name="ViewCare.ValidateControllerRemoteAccessTest">
        <test-method is-config="true" signature="setUp()[pri:0, instance:ViewCare.ValidateControllerRemoteAccessTest@79e2c065]" started-at="2025-01-15T11:33:25 BRT" name="setUp" finished-at="2025-01-15T11:33:25 BRT" duration-ms="2" status="PASS">
          <reporter-output>
          </reporter-output>
        </test-method> <!-- setUp -->
        <test-method signature="testTryRemoteAccess()[pri:1, instance:ViewCare.ValidateControllerRemoteAccessTest@79e2c065]" started-at="2025-01-15T11:33:25 BRT" name="testTryRemoteAccess" finished-at="2025-01-15T11:34:12 BRT" depends-on-methods="ViewCare.EnterControllerTest.testAcessEquipmentController" duration-ms="46661" status="PASS">
          <reporter-output>
          </reporter-output>
        </test-method> <!-- testTryRemoteAccess -->
        <test-method signature="testTogglePassword()[pri:2, instance:ViewCare.ValidateControllerRemoteAccessTest@79e2c065]" started-at="2025-01-15T11:34:12 BRT" name="testTogglePassword" finished-at="2025-01-15T11:34:14 BRT" depends-on-methods="ViewCare.ValidateControllerRemoteAccessTest.testTryRemoteAccess" duration-ms="1553" status="PASS">
          <reporter-output>
          </reporter-output>
        </test-method> <!-- testTogglePassword -->
        <test-method signature="testGenerateRandomPassword()[pri:3, instance:ViewCare.ValidateControllerRemoteAccessTest@79e2c065]" started-at="2025-01-15T11:34:14 BRT" name="testGenerateRandomPassword" finished-at="2025-01-15T11:34:18 BRT" depends-on-methods="ViewCare.ValidateControllerRemoteAccessTest.testTogglePassword" duration-ms="4630" status="PASS">
          <reporter-output>
          </reporter-output>
        </test-method> <!-- testGenerateRandomPassword -->
        <test-method is-config="true" signature="tearDown()[pri:0, instance:ViewCare.ValidateControllerRemoteAccessTest@79e2c065]" started-at="2025-01-15T11:34:18 BRT" name="tearDown" finished-at="2025-01-15T11:34:18 BRT" duration-ms="1" status="PASS">
          <reporter-output>
          </reporter-output>
        </test-method> <!-- tearDown -->
      </class> <!-- ViewCare.ValidateControllerRemoteAccessTest -->
      <class name="ViewCare.SalesPointTest">
        <test-method is-config="true" signature="setUp()[pri:0, instance:ViewCare.SalesPointTest@399f45b1]" started-at="2025-01-15T11:33:19 BRT" name="setUp" finished-at="2025-01-15T11:33:19 BRT" duration-ms="0" status="PASS">
          <reporter-output>
          </reporter-output>
        </test-method> <!-- setUp -->
        <test-method signature="testOnlineEquipements()[pri:1, instance:ViewCare.SalesPointTest@399f45b1]" started-at="2025-01-15T11:33:19 BRT" name="testOnlineEquipements" finished-at="2025-01-15T11:33:20 BRT" depends-on-methods="ViewCare.ViewCareTest.testViewCare" duration-ms="642" status="PASS">
          <reporter-output>
          </reporter-output>
        </test-method> <!-- testOnlineEquipements -->
        <test-method signature="testFoundClientSalesPoint()[pri:2, instance:ViewCare.SalesPointTest@399f45b1]" started-at="2025-01-15T11:33:20 BRT" name="testFoundClientSalesPoint" finished-at="2025-01-15T11:33:20 BRT" depends-on-methods="ViewCare.ViewCareTest.testViewCare" duration-ms="232" status="PASS">
          <reporter-output>
          </reporter-output>
        </test-method> <!-- testFoundClientSalesPoint -->
        <test-method signature="testFilterSalesPointByClient()[pri:2, instance:ViewCare.SalesPointTest@399f45b1]" started-at="2025-01-15T11:33:20 BRT" name="testFilterSalesPointByClient" finished-at="2025-01-15T11:33:21 BRT" depends-on-methods="ViewCare.SalesPointTest.testFoundClientSalesPoint" duration-ms="320" status="PASS">
          <reporter-output>
          </reporter-output>
        </test-method> <!-- testFilterSalesPointByClient -->
        <test-method signature="testFilterSalesPointByID()[pri:2, instance:ViewCare.SalesPointTest@399f45b1]" started-at="2025-01-15T11:33:21 BRT" name="testFilterSalesPointByID" finished-at="2025-01-15T11:33:21 BRT" depends-on-methods="ViewCare.SalesPointTest.testFoundClientSalesPoint" duration-ms="311" status="PASS">
          <reporter-output>
          </reporter-output>
        </test-method> <!-- testFilterSalesPointByID -->
        <test-method signature="testFilterSalesPointByLastMessage()[pri:2, instance:ViewCare.SalesPointTest@399f45b1]" started-at="2025-01-15T11:33:21 BRT" name="testFilterSalesPointByLastMessage" finished-at="2025-01-15T11:33:21 BRT" depends-on-methods="ViewCare.SalesPointTest.testFoundClientSalesPoint" duration-ms="326" status="PASS">
          <reporter-output>
          </reporter-output>
        </test-method> <!-- testFilterSalesPointByLastMessage -->
        <test-method signature="testFilterSalesPointByOnlineEquipment()[pri:2, instance:ViewCare.SalesPointTest@399f45b1]" started-at="2025-01-15T11:33:21 BRT" name="testFilterSalesPointByOnlineEquipment" finished-at="2025-01-15T11:33:21 BRT" depends-on-methods="ViewCare.SalesPointTest.testFoundClientSalesPoint" duration-ms="322" status="PASS">
          <reporter-output>
          </reporter-output>
        </test-method> <!-- testFilterSalesPointByOnlineEquipment -->
        <test-method signature="testFilterSalesPointBySalesPoint()[pri:2, instance:ViewCare.SalesPointTest@399f45b1]" started-at="2025-01-15T11:33:21 BRT" name="testFilterSalesPointBySalesPoint" finished-at="2025-01-15T11:33:22 BRT" depends-on-methods="ViewCare.SalesPointTest.testFoundClientSalesPoint" duration-ms="326" status="PASS">
          <reporter-output>
          </reporter-output>
        </test-method> <!-- testFilterSalesPointBySalesPoint -->
        <test-method signature="testFilterSalesPointByServiceOrder()[pri:2, instance:ViewCare.SalesPointTest@399f45b1]" started-at="2025-01-15T11:33:22 BRT" name="testFilterSalesPointByServiceOrder" finished-at="2025-01-15T11:33:22 BRT" depends-on-methods="ViewCare.SalesPointTest.testFoundClientSalesPoint" duration-ms="316" status="PASS">
          <reporter-output>
          </reporter-output>
        </test-method> <!-- testFilterSalesPointByServiceOrder -->
        <test-method signature="testFilterSalesPointByTotalEquipment()[pri:2, instance:ViewCare.SalesPointTest@399f45b1]" started-at="2025-01-15T11:33:22 BRT" name="testFilterSalesPointByTotalEquipment" finished-at="2025-01-15T11:33:22 BRT" depends-on-methods="ViewCare.SalesPointTest.testFoundClientSalesPoint" duration-ms="325" status="PASS">
          <reporter-output>
          </reporter-output>
        </test-method> <!-- testFilterSalesPointByTotalEquipment -->
        <test-method signature="testAssertNumberOfCLients()[pri:3, instance:ViewCare.SalesPointTest@399f45b1]" started-at="2025-01-15T11:33:22 BRT" name="testAssertNumberOfCLients" finished-at="2025-01-15T11:33:23 BRT" depends-on-methods="ViewCare.SalesPointTest.testFoundClientSalesPoint" duration-ms="37" status="FAIL">
          <exception class="java.lang.AssertionError">
            <message>
              <![CDATA[Number of Shown Sales Points And Number of Sales Points Are Different expected [3] but found [4]]]>
            </message>
            <full-stacktrace>
              <![CDATA[java.lang.AssertionError: Number of Shown Sales Points And Number of Sales Points Are Different expected [3] but found [4]
at org.testng.Assert.fail(Assert.java:99)
at org.testng.Assert.failNotEquals(Assert.java:1037)
at org.testng.Assert.assertEqualsImpl(Assert.java:140)
at org.testng.Assert.assertEquals(Assert.java:122)
at org.testng.Assert.assertEquals(Assert.java:907)
at ViewCare.SalesPointTest.testAssertNumberOfCLients(SalesPointTest.java:155)
at java.base/jdk.internal.reflect.DirectMethodHandleAccessor.invoke(DirectMethodHandleAccessor.java:103)
at java.base/java.lang.reflect.Method.invoke(Method.java:580)
at org.testng.internal.MethodInvocationHelper.invokeMethod(MethodInvocationHelper.java:133)
at org.testng.internal.TestInvoker.invokeMethod(TestInvoker.java:598)
at org.testng.internal.TestInvoker.invokeTestMethod(TestInvoker.java:173)
at org.testng.internal.MethodRunner.runInSequence(MethodRunner.java:46)
at org.testng.internal.TestInvoker$MethodInvocationAgent.invoke(TestInvoker.java:824)
at org.testng.internal.TestInvoker.invokeTestMethods(TestInvoker.java:146)
at org.testng.internal.TestMethodWorker.invokeTestMethods(TestMethodWorker.java:146)
at org.testng.internal.TestMethodWorker.run(TestMethodWorker.java:128)
at java.base/java.util.ArrayList.forEach(ArrayList.java:1596)
at org.testng.TestRunner.privateRun(TestRunner.java:794)
at org.testng.TestRunner.run(TestRunner.java:596)
at org.testng.SuiteRunner.runTest(SuiteRunner.java:377)
at org.testng.SuiteRunner.runSequentially(SuiteRunner.java:371)
at org.testng.SuiteRunner.privateRun(SuiteRunner.java:332)
at org.testng.SuiteRunner.run(SuiteRunner.java:276)
at org.testng.SuiteRunnerWorker.runSuite(SuiteRunnerWorker.java:53)
at org.testng.SuiteRunnerWorker.run(SuiteRunnerWorker.java:96)
at org.testng.TestNG.runSuitesSequentially(TestNG.java:1212)
at org.testng.TestNG.runSuitesLocally(TestNG.java:1134)
at org.testng.TestNG.runSuites(TestNG.java:1063)
at org.testng.TestNG.run(TestNG.java:1031)
at org.testng.remote.AbstractRemoteTestNG.run(AbstractRemoteTestNG.java:115)
at org.testng.remote.RemoteTestNG.initAndRun(RemoteTestNG.java:293)
at org.testng.remote.RemoteTestNG.main(RemoteTestNG.java:91)
]]>
            </full-stacktrace>
          </exception> <!-- java.lang.AssertionError -->
          <reporter-output>
          </reporter-output>
        </test-method> <!-- testAssertNumberOfCLients -->
        <test-method signature="testAssertNumberOfShowedResults()[pri:3, instance:ViewCare.SalesPointTest@399f45b1]" started-at="2025-01-15T11:33:23 BRT" name="testAssertNumberOfShowedResults" finished-at="2025-01-15T11:33:23 BRT" depends-on-methods="ViewCare.SalesPointTest.testFoundClientSalesPoint" duration-ms="30" status="PASS">
          <reporter-output>
          </reporter-output>
        </test-method> <!-- testAssertNumberOfShowedResults -->
        <test-method is-config="true" signature="tearDown()[pri:0, instance:ViewCare.SalesPointTest@399f45b1]" started-at="2025-01-15T11:33:23 BRT" name="tearDown" finished-at="2025-01-15T11:33:23 BRT" duration-ms="0" status="PASS">
          <reporter-output>
          </reporter-output>
        </test-method> <!-- tearDown -->
      </class> <!-- ViewCare.SalesPointTest -->
      <class name="ViewCare.ViewCareTest">
        <test-method signature="testViewCare()[pri:1, instance:ViewCare.ViewCareTest@595b007d]" started-at="2025-01-15T11:33:13 BRT" name="testViewCare" finished-at="2025-01-15T11:33:19 BRT" depends-on-methods="base.LoginTest.testLogin" duration-ms="6095" status="PASS">
          <reporter-output>
          </reporter-output>
        </test-method> <!-- testViewCare -->
        <test-method is-config="true" signature="setUp()[pri:0, instance:ViewCare.ViewCareTest@595b007d]" started-at="2025-01-15T11:33:13 BRT" name="setUp" finished-at="2025-01-15T11:33:13 BRT" duration-ms="0" status="PASS">
          <reporter-output>
          </reporter-output>
        </test-method> <!-- setUp -->
        <test-method is-config="true" signature="tearDown()[pri:0, instance:ViewCare.ViewCareTest@595b007d]" started-at="2025-01-15T11:33:19 BRT" name="tearDown" finished-at="2025-01-15T11:33:19 BRT" duration-ms="0" status="PASS">
          <reporter-output>
          </reporter-output>
        </test-method> <!-- tearDown -->
      </class> <!-- ViewCare.ViewCareTest -->
      <class name="ViewCare.EnterControllerTest">
        <test-method is-config="true" signature="setUp()[pri:0, instance:ViewCare.EnterControllerTest@478190fc]" started-at="2025-01-15T11:33:23 BRT" name="setUp" finished-at="2025-01-15T11:33:23 BRT" duration-ms="0" status="PASS">
          <reporter-output>
          </reporter-output>
        </test-method> <!-- setUp -->
        <test-method signature="testLastInfoFirstMonitorableIsValidController()[pri:1, instance:ViewCare.EnterControllerTest@478190fc]" started-at="2025-01-15T11:33:23 BRT" name="testLastInfoFirstMonitorableIsValidController" finished-at="2025-01-15T11:33:23 BRT" depends-on-methods="ViewCare.EnterSalesPointTest.testFetchListAndClickTheTestSalesPoint" duration-ms="565" status="PASS">
          <reporter-output>
          </reporter-output>
        </test-method> <!-- testLastInfoFirstMonitorableIsValidController -->
        <test-method signature="testAcessEquipmentController()[pri:2, instance:ViewCare.EnterControllerTest@478190fc]" started-at="2025-01-15T11:33:23 BRT" name="testAcessEquipmentController" finished-at="2025-01-15T11:33:25 BRT" depends-on-methods="ViewCare.EnterControllerTest.testLastInfoFirstMonitorableIsValidController" duration-ms="1835" status="PASS">
          <reporter-output>
          </reporter-output>
        </test-method> <!-- testAcessEquipmentController -->
        <test-method is-config="true" signature="tearDown()[pri:0, instance:ViewCare.EnterControllerTest@478190fc]" started-at="2025-01-15T11:33:25 BRT" name="tearDown" finished-at="2025-01-15T11:33:25 BRT" duration-ms="0" status="PASS">
          <reporter-output>
          </reporter-output>
        </test-method> <!-- tearDown -->
      </class> <!-- ViewCare.EnterControllerTest -->
      <class name="ViewCare.ValidateControllerInformationTest">
        <test-method is-config="true" signature="setUp()[pri:0, instance:ViewCare.ValidateControllerInformationTest@3a93b025]" started-at="2025-01-15T11:34:18 BRT" name="setUp" finished-at="2025-01-15T11:34:18 BRT" duration-ms="0" status="PASS">
          <reporter-output>
          </reporter-output>
        </test-method> <!-- setUp -->
        <test-method signature="testValidateNumberOfUsers()[pri:2, instance:ViewCare.ValidateControllerInformationTest@3a93b025]" started-at="2025-01-15T11:34:18 BRT" name="testValidateNumberOfUsers" finished-at="2025-01-15T11:34:56 BRT" depends-on-methods="ViewCare.EnterControllerTest.testAcessEquipmentController" duration-ms="38101" status="PASS">
          <reporter-output>
          </reporter-output>
        </test-method> <!-- testValidateNumberOfUsers -->
        <test-method signature="testValidateNumberOfBiometry()[pri:2, instance:ViewCare.ValidateControllerInformationTest@3a93b025]" started-at="2025-01-15T11:34:56 BRT" name="testValidateNumberOfBiometry" finished-at="2025-01-15T11:35:20 BRT" depends-on-methods="ViewCare.ValidateControllerInformationTest.testValidateNumberOfUsers" duration-ms="24151" status="PASS">
          <reporter-output>
          </reporter-output>
        </test-method> <!-- testValidateNumberOfBiometry -->
        <test-method signature="testValidateNumberOfTime()[pri:3, instance:ViewCare.ValidateControllerInformationTest@3a93b025]" started-at="2025-01-15T11:35:20 BRT" name="testValidateNumberOfTime" finished-at="2025-01-15T11:35:23 BRT" depends-on-methods="ViewCare.EnterControllerTest.testAcessEquipmentController" duration-ms="2946" status="PASS">
          <reporter-output>
          </reporter-output>
        </test-method> <!-- testValidateNumberOfTime -->
        <test-method signature="testValidateNumberOfAcess()[pri:4, instance:ViewCare.ValidateControllerInformationTest@3a93b025]" started-at="2025-01-15T11:35:23 BRT" name="testValidateNumberOfAcess" finished-at="2025-01-15T11:37:03 BRT" depends-on-methods="ViewCare.EnterControllerTest.testAcessEquipmentController" duration-ms="99608" status="PASS">
          <reporter-output>
          </reporter-output>
        </test-method> <!-- testValidateNumberOfAcess -->
        <test-method signature="testExportAccess()[pri:5, instance:ViewCare.ValidateControllerInformationTest@3a93b025]" started-at="2025-01-15T11:37:03 BRT" name="testExportAccess" finished-at="2025-01-15T11:37:34 BRT" depends-on-methods="ViewCare.ValidateControllerInformationTest.testValidateNumberOfAcess" duration-ms="30809" status="FAIL">
          <exception class="java.lang.AssertionError">
            <message>
              <![CDATA[Test ExportAccess: Failed, download did not start expected [true] but found [false]]]>
            </message>
            <full-stacktrace>
              <![CDATA[java.lang.AssertionError: Test ExportAccess: Failed, download did not start expected [true] but found [false]
at org.testng.Assert.fail(Assert.java:99)
at org.testng.Assert.failNotEquals(Assert.java:1037)
at org.testng.Assert.assertTrue(Assert.java:45)
at ViewCare.ValidateControllerInformationTest.testExportAccess(ValidateControllerInformationTest.java:104)
at java.base/jdk.internal.reflect.DirectMethodHandleAccessor.invoke(DirectMethodHandleAccessor.java:103)
at java.base/java.lang.reflect.Method.invoke(Method.java:580)
at org.testng.internal.MethodInvocationHelper.invokeMethod(MethodInvocationHelper.java:133)
at org.testng.internal.TestInvoker.invokeMethod(TestInvoker.java:598)
at org.testng.internal.TestInvoker.invokeTestMethod(TestInvoker.java:173)
at org.testng.internal.MethodRunner.runInSequence(MethodRunner.java:46)
at org.testng.internal.TestInvoker$MethodInvocationAgent.invoke(TestInvoker.java:824)
at org.testng.internal.TestInvoker.invokeTestMethods(TestInvoker.java:146)
at org.testng.internal.TestMethodWorker.invokeTestMethods(TestMethodWorker.java:146)
at org.testng.internal.TestMethodWorker.run(TestMethodWorker.java:128)
at java.base/java.util.ArrayList.forEach(ArrayList.java:1596)
at org.testng.TestRunner.privateRun(TestRunner.java:794)
at org.testng.TestRunner.run(TestRunner.java:596)
at org.testng.SuiteRunner.runTest(SuiteRunner.java:377)
at org.testng.SuiteRunner.runSequentially(SuiteRunner.java:371)
at org.testng.SuiteRunner.privateRun(SuiteRunner.java:332)
at org.testng.SuiteRunner.run(SuiteRunner.java:276)
at org.testng.SuiteRunnerWorker.runSuite(SuiteRunnerWorker.java:53)
at org.testng.SuiteRunnerWorker.run(SuiteRunnerWorker.java:96)
at org.testng.TestNG.runSuitesSequentially(TestNG.java:1212)
at org.testng.TestNG.runSuitesLocally(TestNG.java:1134)
at org.testng.TestNG.runSuites(TestNG.java:1063)
at org.testng.TestNG.run(TestNG.java:1031)
at org.testng.remote.AbstractRemoteTestNG.run(AbstractRemoteTestNG.java:115)
at org.testng.remote.RemoteTestNG.initAndRun(RemoteTestNG.java:293)
at org.testng.remote.RemoteTestNG.main(RemoteTestNG.java:91)
]]>
            </full-stacktrace>
          </exception> <!-- java.lang.AssertionError -->
          <reporter-output>
          </reporter-output>
        </test-method> <!-- testExportAccess -->
        <test-method is-config="true" signature="tearDown()[pri:0, instance:ViewCare.ValidateControllerInformationTest@3a93b025]" started-at="2025-01-15T11:37:34 BRT" name="tearDown" finished-at="2025-01-15T11:37:34 BRT" duration-ms="0" status="PASS">
          <reporter-output>
          </reporter-output>
        </test-method> <!-- tearDown -->
      </class> <!-- ViewCare.ValidateControllerInformationTest -->
      <class name="ViewCare.EnterSalesPointTest">
        <test-method is-config="true" signature="setUp()[pri:0, instance:ViewCare.EnterSalesPointTest@38c6f217]" started-at="2025-01-15T11:33:23 BRT" name="setUp" finished-at="2025-01-15T11:33:23 BRT" duration-ms="0" status="PASS">
          <reporter-output>
          </reporter-output>
        </test-method> <!-- setUp -->
        <test-method signature="testFetchListAndClickTheTestSalesPoint()[pri:1, instance:ViewCare.EnterSalesPointTest@38c6f217]" started-at="2025-01-15T11:33:23 BRT" name="testFetchListAndClickTheTestSalesPoint" finished-at="2025-01-15T11:33:23 BRT" depends-on-methods="ViewCare.SalesPointTest.testFoundClientSalesPoint" duration-ms="277" status="PASS">
          <reporter-output>
          </reporter-output>
        </test-method> <!-- testFetchListAndClickTheTestSalesPoint -->
        <test-method signature="testValidateNameSalesPoint()[pri:2, instance:ViewCare.EnterSalesPointTest@38c6f217]" started-at="2025-01-15T11:33:23 BRT" name="testValidateNameSalesPoint" finished-at="2025-01-15T11:33:23 BRT" depends-on-methods="ViewCare.EnterSalesPointTest.testFetchListAndClickTheTestSalesPoint" duration-ms="64" status="PASS">
          <reporter-output>
          </reporter-output>
        </test-method> <!-- testValidateNameSalesPoint -->
        <test-method signature="testValidatesNumberOfOS()[pri:2, instance:ViewCare.EnterSalesPointTest@38c6f217]" started-at="2025-01-15T11:33:23 BRT" name="testValidatesNumberOfOS" finished-at="2025-01-15T11:33:23 BRT" depends-on-methods="ViewCare.EnterSalesPointTest.testFetchListAndClickTheTestSalesPoint" duration-ms="21" status="FAIL">
          <exception class="java.lang.AssertionError">
            <message>
              <![CDATA[OS Number Does Not Match expected [2] but found [0]]]>
            </message>
            <full-stacktrace>
              <![CDATA[java.lang.AssertionError: OS Number Does Not Match expected [2] but found [0]
at org.testng.Assert.fail(Assert.java:99)
at org.testng.Assert.failNotEquals(Assert.java:1037)
at org.testng.Assert.assertEqualsImpl(Assert.java:140)
at org.testng.Assert.assertEquals(Assert.java:122)
at org.testng.Assert.assertEquals(Assert.java:907)
at ViewCare.EnterSalesPointTest.testValidatesNumberOfOS(EnterSalesPointTest.java:72)
at java.base/jdk.internal.reflect.DirectMethodHandleAccessor.invoke(DirectMethodHandleAccessor.java:103)
at java.base/java.lang.reflect.Method.invoke(Method.java:580)
at org.testng.internal.MethodInvocationHelper.invokeMethod(MethodInvocationHelper.java:133)
at org.testng.internal.TestInvoker.invokeMethod(TestInvoker.java:598)
at org.testng.internal.TestInvoker.invokeTestMethod(TestInvoker.java:173)
at org.testng.internal.MethodRunner.runInSequence(MethodRunner.java:46)
at org.testng.internal.TestInvoker$MethodInvocationAgent.invoke(TestInvoker.java:824)
at org.testng.internal.TestInvoker.invokeTestMethods(TestInvoker.java:146)
at org.testng.internal.TestMethodWorker.invokeTestMethods(TestMethodWorker.java:146)
at org.testng.internal.TestMethodWorker.run(TestMethodWorker.java:128)
at java.base/java.util.ArrayList.forEach(ArrayList.java:1596)
at org.testng.TestRunner.privateRun(TestRunner.java:794)
at org.testng.TestRunner.run(TestRunner.java:596)
at org.testng.SuiteRunner.runTest(SuiteRunner.java:377)
at org.testng.SuiteRunner.runSequentially(SuiteRunner.java:371)
at org.testng.SuiteRunner.privateRun(SuiteRunner.java:332)
at org.testng.SuiteRunner.run(SuiteRunner.java:276)
at org.testng.SuiteRunnerWorker.runSuite(SuiteRunnerWorker.java:53)
at org.testng.SuiteRunnerWorker.run(SuiteRunnerWorker.java:96)
at org.testng.TestNG.runSuitesSequentially(TestNG.java:1212)
at org.testng.TestNG.runSuitesLocally(TestNG.java:1134)
at org.testng.TestNG.runSuites(TestNG.java:1063)
at org.testng.TestNG.run(TestNG.java:1031)
at org.testng.remote.AbstractRemoteTestNG.run(AbstractRemoteTestNG.java:115)
at org.testng.remote.RemoteTestNG.initAndRun(RemoteTestNG.java:293)
at org.testng.remote.RemoteTestNG.main(RemoteTestNG.java:91)
]]>
            </full-stacktrace>
          </exception> <!-- java.lang.AssertionError -->
          <reporter-output>
          </reporter-output>
        </test-method> <!-- testValidatesNumberOfOS -->
        <test-method is-config="true" signature="tearDown()[pri:0, instance:ViewCare.EnterSalesPointTest@38c6f217]" started-at="2025-01-15T11:33:23 BRT" name="tearDown" finished-at="2025-01-15T11:33:23 BRT" duration-ms="0" status="PASS">
          <reporter-output>
          </reporter-output>
        </test-method> <!-- tearDown -->
      </class> <!-- ViewCare.EnterSalesPointTest -->
    </test> <!-- AllTests -->
  </suite> <!-- Suite -->
</testng-results>
