<?xml version="1.0" encoding="UTF-8"?>
<testng-results ignored="0" total="24" passed="21" failed="3" skipped="0">
  <reporter-output>
  </reporter-output>
  <suite started-at="2025-01-16T15:22:11 BRT" name="Suite" finished-at="2025-01-16T15:26:22 BRT" duration-ms="251705">
    <groups>
    </groups>
    <test started-at="2025-01-16T15:22:11 BRT" name="Renew" finished-at="2025-01-16T15:22:11 BRT" duration-ms="7">
    </test> <!-- Renew -->
    <test started-at="2025-01-16T15:22:11 BRT" name="AllTests" finished-at="2025-01-16T15:26:22 BRT" duration-ms="251649">
      <class name="base.LoginTest">
        <test-method is-config="true" signature="setUp()[pri:0, instance:base.LoginTest@7d8995e]" started-at="2025-01-16T15:22:11 BRT" name="setUp" finished-at="2025-01-16T15:22:19 BRT" duration-ms="8645" status="PASS">
          <reporter-output>
          </reporter-output>
        </test-method> <!-- setUp -->
        <test-method signature="testLogin()[pri:1, instance:base.LoginTest@7d8995e]" started-at="2025-01-16T15:22:19 BRT" name="testLogin" finished-at="2025-01-16T15:22:20 BRT" duration-ms="819" status="PASS">
          <reporter-output>
          </reporter-output>
        </test-method> <!-- testLogin -->
        <test-method is-config="true" signature="tearDown()[pri:0, instance:base.LoginTest@7d8995e]" started-at="2025-01-16T15:22:20 BRT" name="tearDown" finished-at="2025-01-16T15:22:20 BRT" duration-ms="0" status="PASS">
          <reporter-output>
          </reporter-output>
        </test-method> <!-- tearDown -->
      </class> <!-- base.LoginTest -->
      <class name="ViewCare.SalesPointTest">
        <test-method is-config="true" signature="setUp()[pri:0, instance:ViewCare.SalesPointTest@49e53c76]" started-at="2025-01-16T15:22:26 BRT" name="setUp" finished-at="2025-01-16T15:22:26 BRT" duration-ms="0" status="PASS">
          <reporter-output>
          </reporter-output>
        </test-method> <!-- setUp -->
        <test-method signature="testOnlineEquipements()[pri:1, instance:ViewCare.SalesPointTest@49e53c76]" started-at="2025-01-16T15:22:26 BRT" name="testOnlineEquipements" finished-at="2025-01-16T15:22:26 BRT" depends-on-methods="ViewCare.ViewCareTest.testViewCare" duration-ms="635" status="PASS">
          <reporter-output>
          </reporter-output>
        </test-method> <!-- testOnlineEquipements -->
        <test-method signature="testFoundClientSalesPoint()[pri:2, instance:ViewCare.SalesPointTest@49e53c76]" started-at="2025-01-16T15:22:26 BRT" name="testFoundClientSalesPoint" finished-at="2025-01-16T15:22:27 BRT" depends-on-methods="ViewCare.ViewCareTest.testViewCare" duration-ms="229" status="PASS">
          <reporter-output>
          </reporter-output>
        </test-method> <!-- testFoundClientSalesPoint -->
        <test-method signature="testFilterSalesPointByClient()[pri:2, instance:ViewCare.SalesPointTest@49e53c76]" started-at="2025-01-16T15:22:27 BRT" name="testFilterSalesPointByClient" finished-at="2025-01-16T15:22:27 BRT" depends-on-methods="ViewCare.SalesPointTest.testFoundClientSalesPoint" duration-ms="337" status="PASS">
          <reporter-output>
          </reporter-output>
        </test-method> <!-- testFilterSalesPointByClient -->
        <test-method signature="testFilterSalesPointByID()[pri:2, instance:ViewCare.SalesPointTest@49e53c76]" started-at="2025-01-16T15:22:27 BRT" name="testFilterSalesPointByID" finished-at="2025-01-16T15:22:27 BRT" depends-on-methods="ViewCare.SalesPointTest.testFoundClientSalesPoint" duration-ms="330" status="PASS">
          <reporter-output>
          </reporter-output>
        </test-method> <!-- testFilterSalesPointByID -->
        <test-method signature="testFilterSalesPointByLastMessage()[pri:2, instance:ViewCare.SalesPointTest@49e53c76]" started-at="2025-01-16T15:22:27 BRT" name="testFilterSalesPointByLastMessage" finished-at="2025-01-16T15:22:28 BRT" depends-on-methods="ViewCare.SalesPointTest.testFoundClientSalesPoint" duration-ms="315" status="PASS">
          <reporter-output>
          </reporter-output>
        </test-method> <!-- testFilterSalesPointByLastMessage -->
        <test-method signature="testFilterSalesPointByOnlineEquipment()[pri:2, instance:ViewCare.SalesPointTest@49e53c76]" started-at="2025-01-16T15:22:28 BRT" name="testFilterSalesPointByOnlineEquipment" finished-at="2025-01-16T15:22:28 BRT" depends-on-methods="ViewCare.SalesPointTest.testFoundClientSalesPoint" duration-ms="321" status="PASS">
          <reporter-output>
          </reporter-output>
        </test-method> <!-- testFilterSalesPointByOnlineEquipment -->
        <test-method signature="testFilterSalesPointBySalesPoint()[pri:2, instance:ViewCare.SalesPointTest@49e53c76]" started-at="2025-01-16T15:22:28 BRT" name="testFilterSalesPointBySalesPoint" finished-at="2025-01-16T15:22:28 BRT" depends-on-methods="ViewCare.SalesPointTest.testFoundClientSalesPoint" duration-ms="318" status="PASS">
          <reporter-output>
          </reporter-output>
        </test-method> <!-- testFilterSalesPointBySalesPoint -->
        <test-method signature="testFilterSalesPointByServiceOrder()[pri:2, instance:ViewCare.SalesPointTest@49e53c76]" started-at="2025-01-16T15:22:28 BRT" name="testFilterSalesPointByServiceOrder" finished-at="2025-01-16T15:22:29 BRT" depends-on-methods="ViewCare.SalesPointTest.testFoundClientSalesPoint" duration-ms="314" status="PASS">
          <reporter-output>
          </reporter-output>
        </test-method> <!-- testFilterSalesPointByServiceOrder -->
        <test-method signature="testFilterSalesPointByTotalEquipment()[pri:2, instance:ViewCare.SalesPointTest@49e53c76]" started-at="2025-01-16T15:22:29 BRT" name="testFilterSalesPointByTotalEquipment" finished-at="2025-01-16T15:22:29 BRT" depends-on-methods="ViewCare.SalesPointTest.testFoundClientSalesPoint" duration-ms="311" status="PASS">
          <reporter-output>
          </reporter-output>
        </test-method> <!-- testFilterSalesPointByTotalEquipment -->
        <test-method signature="testAssertNumberOfCLients()[pri:3, instance:ViewCare.SalesPointTest@49e53c76]" started-at="2025-01-16T15:22:29 BRT" name="testAssertNumberOfCLients" finished-at="2025-01-16T15:22:29 BRT" depends-on-methods="ViewCare.SalesPointTest.testFoundClientSalesPoint" duration-ms="34" status="FAIL">
          <exception class="java.lang.AssertionError">
            <message>
              <![CDATA[Number of Shown Sales Points And Number of Sales Points Are Different expected [3] but found [4]]]>
            </message>
            <full-stacktrace>
              <![CDATA[java.lang.AssertionError: Number of Shown Sales Points And Number of Sales Points Are Different expected [3] but found [4]
at org.testng.Assert.fail(Assert.java:99)
at org.testng.Assert.failNotEquals(Assert.java:1037)
at org.testng.Assert.assertEqualsImpl(Assert.java:140)
at org.testng.Assert.assertEquals(Assert.java:122)
at org.testng.Assert.assertEquals(Assert.java:907)
at ViewCare.SalesPointTest.testAssertNumberOfCLients(SalesPointTest.java:155)
at java.base/jdk.internal.reflect.DirectMethodHandleAccessor.invoke(DirectMethodHandleAccessor.java:103)
at java.base/java.lang.reflect.Method.invoke(Method.java:580)
at org.testng.internal.MethodInvocationHelper.invokeMethod(MethodInvocationHelper.java:133)
at org.testng.internal.TestInvoker.invokeMethod(TestInvoker.java:598)
at org.testng.internal.TestInvoker.invokeTestMethod(TestInvoker.java:173)
at org.testng.internal.MethodRunner.runInSequence(MethodRunner.java:46)
at org.testng.internal.TestInvoker$MethodInvocationAgent.invoke(TestInvoker.java:824)
at org.testng.internal.TestInvoker.invokeTestMethods(TestInvoker.java:146)
at org.testng.internal.TestMethodWorker.invokeTestMethods(TestMethodWorker.java:146)
at org.testng.internal.TestMethodWorker.run(TestMethodWorker.java:128)
at java.base/java.util.ArrayList.forEach(ArrayList.java:1596)
at org.testng.TestRunner.privateRun(TestRunner.java:794)
at org.testng.TestRunner.run(TestRunner.java:596)
at org.testng.SuiteRunner.runTest(SuiteRunner.java:377)
at org.testng.SuiteRunner.runSequentially(SuiteRunner.java:371)
at org.testng.SuiteRunner.privateRun(SuiteRunner.java:332)
at org.testng.SuiteRunner.run(SuiteRunner.java:276)
at org.testng.SuiteRunnerWorker.runSuite(SuiteRunnerWorker.java:53)
at org.testng.SuiteRunnerWorker.run(SuiteRunnerWorker.java:96)
at org.testng.TestNG.runSuitesSequentially(TestNG.java:1212)
at org.testng.TestNG.runSuitesLocally(TestNG.java:1134)
at org.testng.TestNG.runSuites(TestNG.java:1063)
at org.testng.TestNG.run(TestNG.java:1031)
at org.testng.remote.AbstractRemoteTestNG.run(AbstractRemoteTestNG.java:115)
at org.testng.remote.RemoteTestNG.initAndRun(RemoteTestNG.java:293)
at org.testng.remote.RemoteTestNG.main(RemoteTestNG.java:91)
]]>
            </full-stacktrace>
          </exception> <!-- java.lang.AssertionError -->
          <reporter-output>
          </reporter-output>
        </test-method> <!-- testAssertNumberOfCLients -->
        <test-method signature="testAssertNumberOfShowedResults()[pri:3, instance:ViewCare.SalesPointTest@49e53c76]" started-at="2025-01-16T15:22:29 BRT" name="testAssertNumberOfShowedResults" finished-at="2025-01-16T15:22:29 BRT" depends-on-methods="ViewCare.SalesPointTest.testFoundClientSalesPoint" duration-ms="28" status="PASS">
          <reporter-output>
          </reporter-output>
        </test-method> <!-- testAssertNumberOfShowedResults -->
        <test-method is-config="true" signature="tearDown()[pri:0, instance:ViewCare.SalesPointTest@49e53c76]" started-at="2025-01-16T15:22:29 BRT" name="tearDown" finished-at="2025-01-16T15:22:29 BRT" duration-ms="0" status="PASS">
          <reporter-output>
          </reporter-output>
        </test-method> <!-- tearDown -->
      </class> <!-- ViewCare.SalesPointTest -->
      <class name="ViewCare.ViewCareTest">
        <test-method is-config="true" signature="setUp()[pri:0, instance:ViewCare.ViewCareTest@3349e9bb]" started-at="2025-01-16T15:22:20 BRT" name="setUp" finished-at="2025-01-16T15:22:20 BRT" duration-ms="0" status="PASS">
          <reporter-output>
          </reporter-output>
        </test-method> <!-- setUp -->
        <test-method signature="testViewCare()[pri:1, instance:ViewCare.ViewCareTest@3349e9bb]" started-at="2025-01-16T15:22:20 BRT" name="testViewCare" finished-at="2025-01-16T15:22:26 BRT" depends-on-methods="base.LoginTest.testLogin" duration-ms="5582" status="PASS">
          <reporter-output>
          </reporter-output>
        </test-method> <!-- testViewCare -->
        <test-method is-config="true" signature="tearDown()[pri:0, instance:ViewCare.ViewCareTest@3349e9bb]" started-at="2025-01-16T15:22:26 BRT" name="tearDown" finished-at="2025-01-16T15:22:26 BRT" duration-ms="1" status="PASS">
          <reporter-output>
          </reporter-output>
        </test-method> <!-- tearDown -->
      </class> <!-- ViewCare.ViewCareTest -->
      <class name="ViewCare.EnterControllerTest">
        <test-method is-config="true" signature="setUp()[pri:0, instance:ViewCare.EnterControllerTest@2a3b5b47]" started-at="2025-01-16T15:22:29 BRT" name="setUp" finished-at="2025-01-16T15:22:29 BRT" duration-ms="1" status="PASS">
          <reporter-output>
          </reporter-output>
        </test-method> <!-- setUp -->
        <test-method signature="testLastInfoFirstMonitorableIsValidController()[pri:1, instance:ViewCare.EnterControllerTest@2a3b5b47]" started-at="2025-01-16T15:22:29 BRT" name="testLastInfoFirstMonitorableIsValidController" finished-at="2025-01-16T15:22:30 BRT" depends-on-methods="ViewCare.EnterSalesPointTest.testFetchListAndClickTheTestSalesPoint" duration-ms="556" status="PASS">
          <reporter-output>
          </reporter-output>
        </test-method> <!-- testLastInfoFirstMonitorableIsValidController -->
        <test-method signature="testAcessEquipmentController()[pri:2, instance:ViewCare.EnterControllerTest@2a3b5b47]" started-at="2025-01-16T15:22:30 BRT" name="testAcessEquipmentController" finished-at="2025-01-16T15:22:32 BRT" depends-on-methods="ViewCare.EnterControllerTest.testLastInfoFirstMonitorableIsValidController" duration-ms="1858" status="PASS">
          <reporter-output>
          </reporter-output>
        </test-method> <!-- testAcessEquipmentController -->
        <test-method is-config="true" signature="tearDown()[pri:0, instance:ViewCare.EnterControllerTest@2a3b5b47]" started-at="2025-01-16T15:22:32 BRT" name="tearDown" finished-at="2025-01-16T15:22:32 BRT" duration-ms="0" status="PASS">
          <reporter-output>
          </reporter-output>
        </test-method> <!-- tearDown -->
      </class> <!-- ViewCare.EnterControllerTest -->
      <class name="ViewCare.ControllerTimeActionsTest">
        <test-method is-config="true" signature="setUp()[pri:0, instance:ViewCare.ControllerTimeActionsTest@59474f18]" started-at="2025-01-16T15:26:04 BRT" name="setUp" finished-at="2025-01-16T15:26:04 BRT" duration-ms="0" status="PASS">
          <reporter-output>
          </reporter-output>
        </test-method> <!-- setUp -->
        <test-method signature="testCreateNewTime()[pri:1, instance:ViewCare.ControllerTimeActionsTest@59474f18]" started-at="2025-01-16T15:26:04 BRT" name="testCreateNewTime" finished-at="2025-01-16T15:26:22 BRT" depends-on-methods="ViewCare.ValidateControllerInformationTest.testValidateNumberOfAcess" duration-ms="18390" status="PASS">
          <reporter-output>
          </reporter-output>
        </test-method> <!-- testCreateNewTime -->
        <test-method is-config="true" signature="tearDown()[pri:0, instance:ViewCare.ControllerTimeActionsTest@59474f18]" started-at="2025-01-16T15:26:22 BRT" name="tearDown" finished-at="2025-01-16T15:26:22 BRT" duration-ms="0" status="PASS">
          <reporter-output>
          </reporter-output>
        </test-method> <!-- tearDown -->
      </class> <!-- ViewCare.ControllerTimeActionsTest -->
      <class name="ViewCare.ValidateControllerInformationTest">
        <test-method is-config="true" signature="setUp()[pri:0, instance:ViewCare.ValidateControllerInformationTest@55b699ef]" started-at="2025-01-16T15:22:32 BRT" name="setUp" finished-at="2025-01-16T15:22:32 BRT" duration-ms="1" status="PASS">
          <reporter-output>
          </reporter-output>
        </test-method> <!-- setUp -->
        <test-method signature="testValidateNumberOfUsers()[pri:2, instance:ViewCare.ValidateControllerInformationTest@55b699ef]" started-at="2025-01-16T15:22:32 BRT" name="testValidateNumberOfUsers" finished-at="2025-01-16T15:23:20 BRT" depends-on-methods="ViewCare.EnterControllerTest.testAcessEquipmentController" duration-ms="48186" status="PASS">
          <reporter-output>
          </reporter-output>
        </test-method> <!-- testValidateNumberOfUsers -->
        <test-method signature="testValidateNumberOfBiometry()[pri:2, instance:ViewCare.ValidateControllerInformationTest@55b699ef]" started-at="2025-01-16T15:23:20 BRT" name="testValidateNumberOfBiometry" finished-at="2025-01-16T15:23:45 BRT" depends-on-methods="ViewCare.ValidateControllerInformationTest.testValidateNumberOfUsers" duration-ms="25327" status="PASS">
          <reporter-output>
          </reporter-output>
        </test-method> <!-- testValidateNumberOfBiometry -->
        <test-method signature="testValidateNumberOfTime()[pri:3, instance:ViewCare.ValidateControllerInformationTest@55b699ef]" started-at="2025-01-16T15:23:45 BRT" name="testValidateNumberOfTime" finished-at="2025-01-16T15:23:50 BRT" depends-on-methods="ViewCare.EnterControllerTest.testAcessEquipmentController" duration-ms="4614" status="PASS">
          <reporter-output>
          </reporter-output>
        </test-method> <!-- testValidateNumberOfTime -->
        <test-method signature="testValidateNumberOfAcess()[pri:4, instance:ViewCare.ValidateControllerInformationTest@55b699ef]" started-at="2025-01-16T15:23:50 BRT" name="testValidateNumberOfAcess" finished-at="2025-01-16T15:25:33 BRT" depends-on-methods="ViewCare.EnterControllerTest.testAcessEquipmentController" duration-ms="103344" status="PASS">
          <reporter-output>
          </reporter-output>
        </test-method> <!-- testValidateNumberOfAcess -->
        <test-method signature="testExportAccess()[pri:5, instance:ViewCare.ValidateControllerInformationTest@55b699ef]" started-at="2025-01-16T15:25:33 BRT" name="testExportAccess" finished-at="2025-01-16T15:26:04 BRT" depends-on-methods="ViewCare.ValidateControllerInformationTest.testValidateNumberOfAcess" duration-ms="30745" status="FAIL">
          <exception class="java.lang.AssertionError">
            <message>
              <![CDATA[Test ExportAccess: Failed, download did not start expected [true] but found [false]]]>
            </message>
            <full-stacktrace>
              <![CDATA[java.lang.AssertionError: Test ExportAccess: Failed, download did not start expected [true] but found [false]
at org.testng.Assert.fail(Assert.java:99)
at org.testng.Assert.failNotEquals(Assert.java:1037)
at org.testng.Assert.assertTrue(Assert.java:45)
at ViewCare.ValidateControllerInformationTest.testExportAccess(ValidateControllerInformationTest.java:104)
at java.base/jdk.internal.reflect.DirectMethodHandleAccessor.invoke(DirectMethodHandleAccessor.java:103)
at java.base/java.lang.reflect.Method.invoke(Method.java:580)
at org.testng.internal.MethodInvocationHelper.invokeMethod(MethodInvocationHelper.java:133)
at org.testng.internal.TestInvoker.invokeMethod(TestInvoker.java:598)
at org.testng.internal.TestInvoker.invokeTestMethod(TestInvoker.java:173)
at org.testng.internal.MethodRunner.runInSequence(MethodRunner.java:46)
at org.testng.internal.TestInvoker$MethodInvocationAgent.invoke(TestInvoker.java:824)
at org.testng.internal.TestInvoker.invokeTestMethods(TestInvoker.java:146)
at org.testng.internal.TestMethodWorker.invokeTestMethods(TestMethodWorker.java:146)
at org.testng.internal.TestMethodWorker.run(TestMethodWorker.java:128)
at java.base/java.util.ArrayList.forEach(ArrayList.java:1596)
at org.testng.TestRunner.privateRun(TestRunner.java:794)
at org.testng.TestRunner.run(TestRunner.java:596)
at org.testng.SuiteRunner.runTest(SuiteRunner.java:377)
at org.testng.SuiteRunner.runSequentially(SuiteRunner.java:371)
at org.testng.SuiteRunner.privateRun(SuiteRunner.java:332)
at org.testng.SuiteRunner.run(SuiteRunner.java:276)
at org.testng.SuiteRunnerWorker.runSuite(SuiteRunnerWorker.java:53)
at org.testng.SuiteRunnerWorker.run(SuiteRunnerWorker.java:96)
at org.testng.TestNG.runSuitesSequentially(TestNG.java:1212)
at org.testng.TestNG.runSuitesLocally(TestNG.java:1134)
at org.testng.TestNG.runSuites(TestNG.java:1063)
at org.testng.TestNG.run(TestNG.java:1031)
at org.testng.remote.AbstractRemoteTestNG.run(AbstractRemoteTestNG.java:115)
at org.testng.remote.RemoteTestNG.initAndRun(RemoteTestNG.java:293)
at org.testng.remote.RemoteTestNG.main(RemoteTestNG.java:91)
]]>
            </full-stacktrace>
          </exception> <!-- java.lang.AssertionError -->
          <reporter-output>
          </reporter-output>
        </test-method> <!-- testExportAccess -->
        <test-method is-config="true" signature="tearDown()[pri:0, instance:ViewCare.ValidateControllerInformationTest@55b699ef]" started-at="2025-01-16T15:26:04 BRT" name="tearDown" finished-at="2025-01-16T15:26:04 BRT" duration-ms="0" status="PASS">
          <reporter-output>
          </reporter-output>
        </test-method> <!-- tearDown -->
      </class> <!-- ViewCare.ValidateControllerInformationTest -->
      <class name="ViewCare.EnterSalesPointTest">
        <test-method signature="testFetchListAndClickTheTestSalesPoint()[pri:1, instance:ViewCare.EnterSalesPointTest@351d00c0]" started-at="2025-01-16T15:22:29 BRT" name="testFetchListAndClickTheTestSalesPoint" finished-at="2025-01-16T15:22:29 BRT" depends-on-methods="ViewCare.SalesPointTest.testFoundClientSalesPoint" duration-ms="268" status="PASS">
          <reporter-output>
          </reporter-output>
        </test-method> <!-- testFetchListAndClickTheTestSalesPoint -->
        <test-method is-config="true" signature="setUp()[pri:0, instance:ViewCare.EnterSalesPointTest@351d00c0]" started-at="2025-01-16T15:22:29 BRT" name="setUp" finished-at="2025-01-16T15:22:29 BRT" duration-ms="0" status="PASS">
          <reporter-output>
          </reporter-output>
        </test-method> <!-- setUp -->
        <test-method signature="testValidateNameSalesPoint()[pri:2, instance:ViewCare.EnterSalesPointTest@351d00c0]" started-at="2025-01-16T15:22:29 BRT" name="testValidateNameSalesPoint" finished-at="2025-01-16T15:22:29 BRT" depends-on-methods="ViewCare.EnterSalesPointTest.testFetchListAndClickTheTestSalesPoint" duration-ms="62" status="PASS">
          <reporter-output>
          </reporter-output>
        </test-method> <!-- testValidateNameSalesPoint -->
        <test-method signature="testValidatesNumberOfOS()[pri:2, instance:ViewCare.EnterSalesPointTest@351d00c0]" started-at="2025-01-16T15:22:29 BRT" name="testValidatesNumberOfOS" finished-at="2025-01-16T15:22:29 BRT" depends-on-methods="ViewCare.EnterSalesPointTest.testFetchListAndClickTheTestSalesPoint" duration-ms="19" status="FAIL">
          <exception class="java.lang.AssertionError">
            <message>
              <![CDATA[OS Number Does Not Match expected [2] but found [0]]]>
            </message>
            <full-stacktrace>
              <![CDATA[java.lang.AssertionError: OS Number Does Not Match expected [2] but found [0]
at org.testng.Assert.fail(Assert.java:99)
at org.testng.Assert.failNotEquals(Assert.java:1037)
at org.testng.Assert.assertEqualsImpl(Assert.java:140)
at org.testng.Assert.assertEquals(Assert.java:122)
at org.testng.Assert.assertEquals(Assert.java:907)
at ViewCare.EnterSalesPointTest.testValidatesNumberOfOS(EnterSalesPointTest.java:72)
at java.base/jdk.internal.reflect.DirectMethodHandleAccessor.invoke(DirectMethodHandleAccessor.java:103)
at java.base/java.lang.reflect.Method.invoke(Method.java:580)
at org.testng.internal.MethodInvocationHelper.invokeMethod(MethodInvocationHelper.java:133)
at org.testng.internal.TestInvoker.invokeMethod(TestInvoker.java:598)
at org.testng.internal.TestInvoker.invokeTestMethod(TestInvoker.java:173)
at org.testng.internal.MethodRunner.runInSequence(MethodRunner.java:46)
at org.testng.internal.TestInvoker$MethodInvocationAgent.invoke(TestInvoker.java:824)
at org.testng.internal.TestInvoker.invokeTestMethods(TestInvoker.java:146)
at org.testng.internal.TestMethodWorker.invokeTestMethods(TestMethodWorker.java:146)
at org.testng.internal.TestMethodWorker.run(TestMethodWorker.java:128)
at java.base/java.util.ArrayList.forEach(ArrayList.java:1596)
at org.testng.TestRunner.privateRun(TestRunner.java:794)
at org.testng.TestRunner.run(TestRunner.java:596)
at org.testng.SuiteRunner.runTest(SuiteRunner.java:377)
at org.testng.SuiteRunner.runSequentially(SuiteRunner.java:371)
at org.testng.SuiteRunner.privateRun(SuiteRunner.java:332)
at org.testng.SuiteRunner.run(SuiteRunner.java:276)
at org.testng.SuiteRunnerWorker.runSuite(SuiteRunnerWorker.java:53)
at org.testng.SuiteRunnerWorker.run(SuiteRunnerWorker.java:96)
at org.testng.TestNG.runSuitesSequentially(TestNG.java:1212)
at org.testng.TestNG.runSuitesLocally(TestNG.java:1134)
at org.testng.TestNG.runSuites(TestNG.java:1063)
at org.testng.TestNG.run(TestNG.java:1031)
at org.testng.remote.AbstractRemoteTestNG.run(AbstractRemoteTestNG.java:115)
at org.testng.remote.RemoteTestNG.initAndRun(RemoteTestNG.java:293)
at org.testng.remote.RemoteTestNG.main(RemoteTestNG.java:91)
]]>
            </full-stacktrace>
          </exception> <!-- java.lang.AssertionError -->
          <reporter-output>
          </reporter-output>
        </test-method> <!-- testValidatesNumberOfOS -->
        <test-method is-config="true" signature="tearDown()[pri:0, instance:ViewCare.EnterSalesPointTest@351d00c0]" started-at="2025-01-16T15:22:29 BRT" name="tearDown" finished-at="2025-01-16T15:22:29 BRT" duration-ms="0" status="PASS">
          <reporter-output>
          </reporter-output>
        </test-method> <!-- tearDown -->
      </class> <!-- ViewCare.EnterSalesPointTest -->
    </test> <!-- AllTests -->
  </suite> <!-- Suite -->
</testng-results>
